Arguments: 
  C:\Program Files\nodejs\node.exe C:\Program Files (x86)\Yarn\bin\yarn.js add @types/durations

PATH: 
  C:\Program Files (x86)\Common Files\Oracle\Java\javapath;C:\WINDOWS\system32;C:\WINDOWS;C:\WINDOWS\System32\Wbem;C:\WINDOWS\System32\WindowsPowerShell\v1.0\;C:\Program Files\nodejs\;C:\Program Files\Git\cmd;C:\Program Files (x86)\Yarn\bin\;C:\WINDOWS\System32\OpenSSH\;C:\Program Files\Java\jdk1.8.0_191\bin;C:\Program Files\Java\jdk1.8.0_191\jre\bin;C:\Users\RanYunlong\.windows-build-tools\python27\;C:\Program Files\nodejs\node_modules\npm\node_modules\npm-lifecycle\node-gyp-bin;C:\Users\RanYunlong\AppData\Roaming\npm\node_modules\windows-build-tools\node_modules\.bin;C:\Users\RanYunlong\AppData\Roaming\npm\node_modules\.bin;C:\Program Files (x86)\Common Files\Oracle\Java\javapath;C:\WINDOWS\system32;C:\WINDOWS;C:\WINDOWS\System32\Wbem;C:\WINDOWS\System32\WindowsPowerShell\v1.0\;C:\Program Files\nodejs\;C:\Program Files\Git\cmd;C:\Program Files (x86)\Yarn\bin\;C:\WINDOWS\System32\OpenSSH\;C:\Program Files\Java\jdk1.8.0_191\bin;C:\Program Files\Java\jdk1.8.0_191\jre\bin;D:\Program Files\Microsoft VS Code\bin;C:\Users\RanYunlong\AppData\Roaming\npm;C:\Users\RanYunlong\AppData\Local\Yarn\bin;C:\Users\RanYunlong\AppData\Local\Microsoft\WindowsApps

Yarn version: 
  1.12.3

Node version: 
  10.14.2

Platform: 
  win32 x64

Trace: 
  Error: https://registry.npm.taobao.org/@types%2fdurations: Not found
      at Request.params.callback [as _callback] (C:\Program Files (x86)\Yarn\lib\cli.js:65003:18)
      at Request.self.callback (C:\Program Files (x86)\Yarn\lib\cli.js:129018:22)
      at Request.emit (events.js:182:13)
      at Request.<anonymous> (C:\Program Files (x86)\Yarn\lib\cli.js:129990:10)
      at Request.emit (events.js:182:13)
      at IncomingMessage.<anonymous> (C:\Program Files (x86)\Yarn\lib\cli.js:129912:12)
      at Object.onceWrapper (events.js:273:13)
      at IncomingMessage.emit (events.js:187:15)
      at endReadableNT (_stream_readable.js:1094:12)
      at process._tickCallback (internal/process/next_tick.js:63:19)

npm manifest: 
  {
    "name": "vscode-textmate",
    "version": "4.0.1",
    "description": "VSCode TextMate grammar helpers",
    "author": {
      "name": "Microsoft Corporation"
    },
    "main": "./release/main.js",
    "typings": "./release/main.d.ts",
    "repository": {
      "type": "git",
      "url": "https://github.com/Microsoft/vscode-textmate"
    },
    "license": "MIT",
    "bugs": {
      "url": "https://github.com/Microsoft/vscode-textmate/issues"
    },
    "scripts": {
      "compile": "tsc"
    },
    "dependencies": {
      "oniguruma": "^7.0.0"
    },
    "devDependencies": {
      "@types/mocha": "2.2.39",
      "@types/node": "^7.0.43",
      "coveralls": "^3.0.2",
      "durations": "^3.4.1",
      "istanbul": "^0.4.4",
      "mocha": "^5.2.0",
      "onigasm": "^2.1.0",
      "remap-istanbul": "^0.6.4",
      "tslint": "^3.15.1",
      "typescript": "^2.0.8",
      "typings": "^1.3.2"
    }
  }

yarn manifest: 
  No manifest

Lockfile: 
  # THIS IS AN AUTOGENERATED FILE. DO NOT EDIT THIS FILE DIRECTLY.
  # yarn lockfile v1
  
  
  "@types/mocha@2.2.39":
    version "2.2.39"
    resolved "http://registry.npm.taobao.org/@types/mocha/download/@types/mocha-2.2.39.tgz#f68d63db8b69c38e9558b4073525cf96c4f7a829"
    integrity sha1-9o1j24tpw46VWLQHNSXPlsT3qCk=
  
  "@types/node@^7.0.43":
    version "7.10.2"
    resolved "http://registry.npm.taobao.org/@types/node/download/@types/node-7.10.2.tgz#a98845168012d7a63a84d50e738829da43bdb0de"
    integrity sha1-qYhFFoAS16Y6hNUOc4gp2kO9sN4=
  
  abbrev@1:
    version "1.1.1"
    resolved "http://registry.npm.taobao.org/abbrev/download/abbrev-1.1.1.tgz#f8f2c887ad10bf67f634f005b6987fed3179aac8"
    integrity sha1-+PLIh60Qv2f2NPAFtph/7TF5qsg=
  
  abbrev@1.0.x:
    version "1.0.9"
    resolved "http://registry.npm.taobao.org/abbrev/download/abbrev-1.0.9.tgz#91b4792588a7738c25f35dd6f63752a2f8776135"
    integrity sha1-kbR5JYinc4wl813W9jdSovh3YTU=
  
  agent-base@2:
    version "2.1.1"
    resolved "http://registry.npm.taobao.org/agent-base/download/agent-base-2.1.1.tgz#d6de10d5af6132d5bd692427d46fc538539094c7"
    integrity sha1-1t4Q1a9hMtW9aSQn1G/FOFOQlMc=
    dependencies:
      extend "~3.0.0"
      semver "~5.0.1"
  
  ajv@^6.5.5:
    version "6.6.2"
    resolved "http://registry.npm.taobao.org/ajv/download/ajv-6.6.2.tgz#caceccf474bf3fc3ce3b147443711a24063cc30d"
    integrity sha1-ys7M9HS/P8POOxR0Q3EaJAY8ww0=
    dependencies:
      fast-deep-equal "^2.0.1"
      fast-json-stable-stringify "^2.0.0"
      json-schema-traverse "^0.4.1"
      uri-js "^4.2.2"
  
  amdefine@1.0.0:
    version "1.0.0"
    resolved "http://registry.npm.taobao.org/amdefine/download/amdefine-1.0.0.tgz#fd17474700cb5cc9c2b709f0be9d23ce3c198c33"
    integrity sha1-/RdHRwDLXMnCtwnwvp0jzjwZjDM=
  
  amdefine@>=0.0.4:
    version "1.0.1"
    resolved "http://registry.npm.taobao.org/amdefine/download/amdefine-1.0.1.tgz#4a5282ac164729e93619bcfd3ad151f817ce91f5"
    integrity sha1-SlKCrBZHKek2Gbz9OtFR+BfOkfU=
  
  ansi-align@^1.1.0:
    version "1.1.0"
    resolved "http://registry.npm.taobao.org/ansi-align/download/ansi-align-1.1.0.tgz#2f0c1658829739add5ebb15e6b0c6e3423f016ba"
    integrity sha1-LwwWWIKXOa3V67FeawxuNCPwFro=
    dependencies:
      string-width "^1.0.1"
  
  ansi-escapes@^1.0.0:
    version "1.4.0"
    resolved "http://registry.npm.taobao.org/ansi-escapes/download/ansi-escapes-1.4.0.tgz#d3a8a83b319aa67793662b13e761c7911422306e"
    integrity sha1-06ioOzGapneTZisT52HHkRQiMG4=
  
  ansi-gray@^0.1.1:
    version "0.1.1"
    resolved "http://registry.npm.taobao.org/ansi-gray/download/ansi-gray-0.1.1.tgz#2962cf54ec9792c48510a3deb524436861ef7251"
    integrity sha1-KWLPVOyXksSFEKPetSRDaGHvclE=
    dependencies:
      ansi-wrap "0.1.0"
  
  ansi-regex@^2.0.0:
    version "2.1.1"
    resolved "http://registry.npm.taobao.org/ansi-regex/download/ansi-regex-2.1.1.tgz#c3b33ab5ee360d86e0e628f0468ae7ef27d654df"
    integrity sha1-w7M6te42DYbg5ijwRorn7yfWVN8=
  
  ansi-styles@^2.2.1:
    version "2.2.1"
    resolved "http://registry.npm.taobao.org/ansi-styles/download/ansi-styles-2.2.1.tgz#b432dd3358b634cf75e1e4664368240533c1ddbe"
    integrity sha1-tDLdM1i2NM914eRmQ2gkBTPB3b4=
  
  ansi-wrap@0.1.0:
    version "0.1.0"
    resolved "http://registry.npm.taobao.org/ansi-wrap/download/ansi-wrap-0.1.0.tgz#a82250ddb0015e9a27ca82e82ea603bbfa45efaf"
    integrity sha1-qCJQ3bABXponyoLoLqYDu/pF768=
  
  any-promise@^1.0.0, any-promise@^1.1.0, any-promise@^1.3.0:
    version "1.3.0"
    resolved "http://registry.npm.taobao.org/any-promise/download/any-promise-1.3.0.tgz#abc6afeedcea52e809cdc0376aed3ce39635d17f"
    integrity sha1-q8av7tzqUugJzcA3au0845Y10X8=
  
  archy@^1.0.0:
    version "1.0.0"
    resolved "http://registry.npm.taobao.org/archy/download/archy-1.0.0.tgz#f9c8c13757cc1dd7bc379ac77b2c62a5c2868c40"
    integrity sha1-+cjBN1fMHde8N5rHeyxipcKGjEA=
  
  argparse@^1.0.7:
    version "1.0.10"
    resolved "http://registry.npm.taobao.org/argparse/download/argparse-1.0.10.tgz#bcd6791ea5ae09725e17e5ad988134cd40b3d911"
    integrity sha1-vNZ5HqWuCXJeF+WtmIE0zUCz2RE=
    dependencies:
      sprintf-js "~1.0.2"
  
  array-differ@^1.0.0:
    version "1.0.0"
    resolved "http://registry.npm.taobao.org/array-differ/download/array-differ-1.0.0.tgz#eff52e3758249d33be402b8bb8e564bb2b5d4031"
    integrity sha1-7/UuN1gknTO+QCuLuOVkuytdQDE=
  
  array-find-index@^1.0.1:
    version "1.0.2"
    resolved "http://registry.npm.taobao.org/array-find-index/download/array-find-index-1.0.2.tgz#df010aa1287e164bbda6f9723b0a96a1ec4187a1"
    integrity sha1-3wEKoSh+Fku9pvlyOwqWoexBh6E=
  
  array-uniq@^1.0.2:
    version "1.0.3"
    resolved "http://registry.npm.taobao.org/array-uniq/download/array-uniq-1.0.3.tgz#af6ac877a25cc7f74e058894753858dfdb24fdb6"
    integrity sha1-r2rId6Jcx/dOBYiUdThY39sk/bY=
  
  arrify@^1.0.0:
    version "1.0.1"
    resolved "http://registry.npm.taobao.org/arrify/download/arrify-1.0.1.tgz#898508da2226f380df904728456849c1501a4b0d"
    integrity sha1-iYUI2iIm84DfkEcoRWhJwVAaSw0=
  
  asn1@~0.2.3:
    version "0.2.4"
    resolved "http://registry.npm.taobao.org/asn1/download/asn1-0.2.4.tgz#8d2475dfab553bb33e77b54e59e880bb8ce23136"
    integrity sha1-jSR136tVO7M+d7VOWeiAu4ziMTY=
    dependencies:
      safer-buffer "~2.1.0"
  
  assert-plus@1.0.0, assert-plus@^1.0.0:
    version "1.0.0"
    resolved "http://registry.npm.taobao.org/assert-plus/download/assert-plus-1.0.0.tgz#f12e0f3c5d77b0b1cdd9146942e4e96c1e4dd525"
    integrity sha1-8S4PPF13sLHN2RRpQuTpbB5N1SU=
  
  async@1.x:
    version "1.5.2"
    resolved "http://registry.npm.taobao.org/async/download/async-1.5.2.tgz#ec6a61ae56480c0c3cb241c95618e20892f9672a"
    integrity sha1-7GphrlZIDAw8skHJVhjiCJL5Zyo=
  
  async@^2.5.0:
    version "2.6.1"
    resolved "http://registry.npm.taobao.org/async/download/async-2.6.1.tgz#b245a23ca71930044ec53fa46aa00a3e87c6a610"
    integrity sha1-skWiPKcZMAROxT+kaqAKPofGphA=
    dependencies:
      lodash "^4.17.10"
  
  asynckit@^0.4.0:
    version "0.4.0"
    resolved "http://registry.npm.taobao.org/asynckit/download/asynckit-0.4.0.tgz#c79ed97f7f34cb8f2ba1bc9790bcc366474b4b79"
    integrity sha1-x57Zf380y48robyXkLzDZkdLS3k=
  
  aws-sign2@~0.7.0:
    version "0.7.0"
    resolved "http://registry.npm.taobao.org/aws-sign2/download/aws-sign2-0.7.0.tgz#b46e890934a9591f2d2f6f86d7e6a9f1b3fe76a8"
    integrity sha1-tG6JCTSpWR8tL2+G1+ap8bP+dqg=
  
  aws4@^1.8.0:
    version "1.8.0"
    resolved "http://registry.npm.taobao.org/aws4/download/aws4-1.8.0.tgz#f0e003d9ca9e7f59c7a508945d7b2ef9a04a542f"
    integrity sha1-8OAD2cqef1nHpQiUXXsu+aBKVC8=
  
  balanced-match@^1.0.0:
    version "1.0.0"
    resolved "http://registry.npm.taobao.org/balanced-match/download/balanced-match-1.0.0.tgz#89b4d199ab2bee49de164ea02b89ce462d71b767"
    integrity sha1-ibTRmasr7kneFk6gK4nORi1xt2c=
  
  bcrypt-pbkdf@^1.0.0:
    version "1.0.2"
    resolved "http://registry.npm.taobao.org/bcrypt-pbkdf/download/bcrypt-pbkdf-1.0.2.tgz#a4301d389b6a43f9b67ff3ca11a3f6637e360e9e"
    integrity sha1-pDAdOJtqQ/m2f/PKEaP2Y342Dp4=
    dependencies:
      tweetnacl "^0.14.3"
  
  beeper@^1.0.0:
    version "1.1.1"
    resolved "http://registry.npm.taobao.org/beeper/download/beeper-1.1.1.tgz#e6d5ea8c5dad001304a70b22638447f69cb2f809"
    integrity sha1-5tXqjF2tABMEpwsiY4RH9pyy+Ak=
  
  bluebird@^3.1.1:
    version "3.5.3"
    resolved "http://registry.npm.taobao.org/bluebird/download/bluebird-3.5.3.tgz#7d01c6f9616c9a51ab0f8c549a79dfe6ec33efa7"
    integrity sha1-fQHG+WFsmlGrD4xUmnnf5uwz76c=
  
  boxen@^0.6.0:
    version "0.6.0"
    resolved "http://registry.npm.taobao.org/boxen/download/boxen-0.6.0.tgz#8364d4248ac34ff0ef1b2f2bf49a6c60ce0d81b6"
    integrity sha1-g2TUJIrDT/DvGy8r9JpsYM4NgbY=
    dependencies:
      ansi-align "^1.1.0"
      camelcase "^2.1.0"
      chalk "^1.1.1"
      cli-boxes "^1.0.0"
      filled-array "^1.0.0"
      object-assign "^4.0.1"
      repeating "^2.0.0"
      string-width "^1.0.1"
      widest-line "^1.0.0"
  
  brace-expansion@^1.0.0, brace-expansion@^1.1.7:
    version "1.1.11"
    resolved "http://registry.npm.taobao.org/brace-expansion/download/brace-expansion-1.1.11.tgz#3c7fcbf529d87226f3d2f52b966ff5271eb441dd"
    integrity sha1-PH/L9SnYcibz0vUrlm/1Jx60Qd0=
    dependencies:
      balanced-match "^1.0.0"
      concat-map "0.0.1"
  
  browser-stdout@1.3.1:
    version "1.3.1"
    resolved "http://registry.npm.taobao.org/browser-stdout/download/browser-stdout-1.3.1.tgz#baa559ee14ced73452229bad7326467c61fabd60"
    integrity sha1-uqVZ7hTO1zRSIputcyZGfGH6vWA=
  
  buffer-from@^1.0.0:
    version "1.1.1"
    resolved "http://registry.npm.taobao.org/buffer-from/download/buffer-from-1.1.1.tgz#32713bc028f75c02fdb710d7c7bcec1f2c6070ef"
    integrity sha1-MnE7wCj3XAL9txDXx7zsHyxgcO8=
  
  builtin-modules@^1.0.0:
    version "1.1.1"
    resolved "http://registry.npm.taobao.org/builtin-modules/download/builtin-modules-1.1.1.tgz#270f076c5a72c02f5b65a47df94c5fe3a278892f"
    integrity sha1-Jw8HbFpywC9bZaR9+Uxf46J4iS8=
  
  camelcase-keys@^2.0.0:
    version "2.1.0"
    resolved "http://registry.npm.taobao.org/camelcase-keys/download/camelcase-keys-2.1.0.tgz#308beeaffdf28119051efa1d932213c91b8f92e7"
    integrity sha1-MIvur/3ygRkFHvodkyITyRuPkuc=
    dependencies:
      camelcase "^2.0.0"
      map-obj "^1.0.0"
  
  camelcase@^2.0.0, camelcase@^2.1.0:
    version "2.1.1"
    resolved "http://registry.npm.taobao.org/camelcase/download/camelcase-2.1.1.tgz#7c1d16d679a1bbe59ca02cacecfb011e201f5a1f"
    integrity sha1-fB0W1nmhu+WcoCys7PsBHiAfWh8=
  
  capture-stack-trace@^1.0.0:
    version "1.0.1"
    resolved "http://registry.npm.taobao.org/capture-stack-trace/download/capture-stack-trace-1.0.1.tgz#a6c0bbe1f38f3aa0b92238ecb6ff42c344d4135d"
    integrity sha1-psC74fOPOqC5Ijjstv9Cw0TUE10=
  
  caseless@~0.12.0:
    version "0.12.0"
    resolved "http://registry.npm.taobao.org/caseless/download/caseless-0.12.0.tgz#1b681c21ff84033c826543090689420d187151dc"
    integrity sha1-G2gcIf+EAzyCZUMJBolCDRhxUdw=
  
  chalk@^1.0.0, chalk@^1.1.1:
    version "1.1.3"
    resolved "http://registry.npm.taobao.org/chalk/download/chalk-1.1.3.tgz#a8115c55e4a702fe4d150abd3872822a7e09fc98"
    integrity sha1-qBFcVeSnAv5NFQq9OHKCKn4J/Jg=
    dependencies:
      ansi-styles "^2.2.1"
      escape-string-regexp "^1.0.2"
      has-ansi "^2.0.0"
      strip-ansi "^3.0.0"
      supports-color "^2.0.0"
  
  cli-boxes@^1.0.0:
    version "1.0.0"
    resolved "http://registry.npm.taobao.org/cli-boxes/download/cli-boxes-1.0.0.tgz#4fa917c3e59c94a004cd61f8ee509da651687143"
    integrity sha1-T6kXw+WclKAEzWH47lCdplFocUM=
  
  cli-cursor@^1.0.2:
    version "1.0.2"
    resolved "http://registry.npm.taobao.org/cli-cursor/download/cli-cursor-1.0.2.tgz#64da3f7d56a54412e59794bd62dc35295e8f2987"
    integrity sha1-ZNo/fValRBLll5S9Ytw1KV6PKYc=
    dependencies:
      restore-cursor "^1.0.1"
  
  cli-truncate@^0.2.1:
    version "0.2.1"
    resolved "http://registry.npm.taobao.org/cli-truncate/download/cli-truncate-0.2.1.tgz#9f15cfbb0705005369216c626ac7d05ab90dd574"
    integrity sha1-nxXPuwcFAFNpIWxiasfQWrkN1XQ=
    dependencies:
      slice-ansi "0.0.4"
      string-width "^1.0.1"
  
  clone-stats@^0.0.1:
    version "0.0.1"
    resolved "http://registry.npm.taobao.org/clone-stats/download/clone-stats-0.0.1.tgz#b88f94a82cf38b8791d58046ea4029ad88ca99d1"
    integrity sha1-uI+UqCzzi4eR1YBG6kAprYjKmdE=
  
  clone@^1.0.0, clone@^1.0.2:
    version "1.0.4"
    resolved "http://registry.npm.taobao.org/clone/download/clone-1.0.4.tgz#da309cc263df15994c688ca902179ca3c7cd7c7e"
    integrity sha1-2jCcwmPfFZlMaIypAheco8fNfH4=
  
  code-point-at@^1.0.0:
    version "1.1.0"
    resolved "http://registry.npm.taobao.org/code-point-at/download/code-point-at-1.1.0.tgz#0d070b4d043a5bea33a2f1a40e2edb3d9a4ccf77"
    integrity sha1-DQcLTQQ6W+ozovGkDi7bPZpMz3c=
  
  color-support@^1.1.3:
    version "1.1.3"
    resolved "http://registry.npm.taobao.org/color-support/download/color-support-1.1.3.tgz#93834379a1cc9a0c61f82f52f0d04322251bd5a2"
    integrity sha1-k4NDeaHMmgxh+C9S8NBDIiUb1aI=
  
  colors@^1.1.2:
    version "1.3.3"
    resolved "http://registry.npm.taobao.org/colors/download/colors-1.3.3.tgz#39e005d546afe01e01f9c4ca8fa50f686a01205d"
    integrity sha1-OeAF1Uav4B4B+cTKj6UPaGoBIF0=
  
  columnify@^1.5.2:
    version "1.5.4"
    resolved "http://registry.npm.taobao.org/columnify/download/columnify-1.5.4.tgz#4737ddf1c7b69a8a7c340570782e947eec8e78bb"
    integrity sha1-Rzfd8ce2mop8NAVweC6UfuyOeLs=
    dependencies:
      strip-ansi "^3.0.0"
      wcwidth "^1.0.0"
  
  combined-stream@^1.0.6, combined-stream@~1.0.6:
    version "1.0.7"
    resolved "http://registry.npm.taobao.org/combined-stream/download/combined-stream-1.0.7.tgz#2d1d24317afb8abe95d6d2c0b07b57813539d828"
    integrity sha1-LR0kMXr7ir6V1tLAsHtXgTU52Cg=
    dependencies:
      delayed-stream "~1.0.0"
  
  commander@2.15.1:
    version "2.15.1"
    resolved "http://registry.npm.taobao.org/commander/download/commander-2.15.1.tgz#df46e867d0fc2aec66a34662b406a9ccafff5b0f"
    integrity sha1-30boZ9D8Kuxmo0ZitAapzK//Ww8=
  
  commander@~2.17.1:
    version "2.17.1"
    resolved "http://registry.npm.taobao.org/commander/download/commander-2.17.1.tgz#bd77ab7de6de94205ceacc72f1716d29f20a77bf"
    integrity sha1-vXerfebelCBc6sxy8XFtKfIKd78=
  
  concat-map@0.0.1:
    version "0.0.1"
    resolved "http://registry.npm.taobao.org/concat-map/download/concat-map-0.0.1.tgz#d8a96bd77fd68df7793a73036a3ba0d5405d477b"
    integrity sha1-2Klr13/Wjfd5OnMDajug1UBdR3s=
  
  concat-stream@^1.4.7:
    version "1.6.2"
    resolved "http://registry.npm.taobao.org/concat-stream/download/concat-stream-1.6.2.tgz#904bdf194cd3122fc675c77fc4ac3d4ff0fd1a34"
    integrity sha1-kEvfGUzTEi/Gdcd/xKw9T/D9GjQ=
    dependencies:
      buffer-from "^1.0.0"
      inherits "^2.0.3"
      readable-stream "^2.2.2"
      typedarray "^0.0.6"
  
  configstore@^2.0.0:
    version "2.1.0"
    resolved "http://registry.npm.taobao.org/configstore/download/configstore-2.1.0.tgz#737a3a7036e9886102aa6099e47bb33ab1aba1a1"
    integrity sha1-c3o6cDbpiGECqmCZ5HuzOrGroaE=
    dependencies:
      dot-prop "^3.0.0"
      graceful-fs "^4.1.2"
      mkdirp "^0.5.0"
      object-assign "^4.0.1"
      os-tmpdir "^1.0.0"
      osenv "^0.1.0"
      uuid "^2.0.1"
      write-file-atomic "^1.1.2"
      xdg-basedir "^2.0.0"
  
  core-util-is@1.0.2, core-util-is@~1.0.0:
    version "1.0.2"
    resolved "http://registry.npm.taobao.org/core-util-is/download/core-util-is-1.0.2.tgz#b5fd54220aa2bc5ab57aab7140c940754503c1a7"
    integrity sha1-tf1UIgqivFq1eqtxQMlAdUUDwac=
  
  coveralls@^3.0.2:
    version "3.0.2"
    resolved "http://registry.npm.taobao.org/coveralls/download/coveralls-3.0.2.tgz#f5a0bcd90ca4e64e088b710fa8dda640aea4884f"
    integrity sha1-9aC82Qyk5k4Ii3EPqN2mQK6kiE8=
    dependencies:
      growl "~> 1.10.0"
      js-yaml "^3.11.0"
      lcov-parse "^0.0.10"
      log-driver "^1.2.7"
      minimist "^1.2.0"
      request "^2.85.0"
  
  create-error-class@^3.0.1:
    version "3.0.2"
    resolved "http://registry.npm.taobao.org/create-error-class/download/create-error-class-3.0.2.tgz#06be7abef947a3f14a30fd610671d401bca8b7b6"
    integrity sha1-Br56vvlHo/FKMP1hBnHUAbyot7Y=
    dependencies:
      capture-stack-trace "^1.0.0"
  
  currently-unhandled@^0.4.1:
    version "0.4.1"
    resolved "http://registry.npm.taobao.org/currently-unhandled/download/currently-unhandled-0.4.1.tgz#988df33feab191ef799a61369dd76c17adf957ea"
    integrity sha1-mI3zP+qxke95mmE2nddsF635V+o=
    dependencies:
      array-find-index "^1.0.1"
  
  dashdash@^1.12.0:
    version "1.14.1"
    resolved "http://registry.npm.taobao.org/dashdash/download/dashdash-1.14.1.tgz#853cfa0f7cbe2fed5de20326b8dd581035f6e2f0"
    integrity sha1-hTz6D3y+L+1d4gMmuN1YEDX24vA=
    dependencies:
      assert-plus "^1.0.0"
  
  dateformat@^1.0.11:
    version "1.0.12"
    resolved "http://registry.npm.taobao.org/dateformat/download/dateformat-1.0.12.tgz#9f124b67594c937ff706932e4a642cca8dbbfee9"
    integrity sha1-nxJLZ1lMk3/3BpMuSmQsyo27/uk=
    dependencies:
      get-stdin "^4.0.1"
      meow "^3.3.0"
  
  debug@2, debug@^2.2.0:
    version "2.6.9"
    resolved "http://registry.npm.taobao.org/debug/download/debug-2.6.9.tgz#5d128515df134ff327e90a4c93f4e077a536341f"
    integrity sha1-XRKFFd8TT/Mn6QpMk/Tgd6U2NB8=
    dependencies:
      ms "2.0.0"
  
  debug@3.1.0:
    version "3.1.0"
    resolved "http://registry.npm.taobao.org/debug/download/debug-3.1.0.tgz#5bb5a0672628b64149566ba16819e61518c67261"
    integrity sha1-W7WgZyYotkFJVmuhaBnmFRjGcmE=
    dependencies:
      ms "2.0.0"
  
  decamelize@^1.1.2:
    version "1.2.0"
    resolved "http://registry.npm.taobao.org/decamelize/download/decamelize-1.2.0.tgz#f6534d15148269b20352e7bee26f501f9a191290"
    integrity sha1-9lNNFRSCabIDUue+4m9QH5oZEpA=
  
  deep-extend@^0.6.0:
    version "0.6.0"
    resolved "http://registry.npm.taobao.org/deep-extend/download/deep-extend-0.6.0.tgz#c4fa7c95404a17a9c3e8ca7e1537312b736330ac"
    integrity sha1-xPp8lUBKF6nD6Mp+FTcxK3NjMKw=
  
  deep-is@~0.1.3:
    version "0.1.3"
    resolved "http://registry.npm.taobao.org/deep-is/download/deep-is-0.1.3.tgz#b369d6fb5dbc13eecf524f91b070feedc357cf34"
    integrity sha1-s2nW+128E+7PUk+RsHD+7cNXzzQ=
  
  defaults@^1.0.3:
    version "1.0.3"
    resolved "http://registry.npm.taobao.org/defaults/download/defaults-1.0.3.tgz#c656051e9817d9ff08ed881477f3fe4019f3ef7d"
    integrity sha1-xlYFHpgX2f8I7YgUd/P+QBnz730=
    dependencies:
      clone "^1.0.2"
  
  delayed-stream@~1.0.0:
    version "1.0.0"
    resolved "http://registry.npm.taobao.org/delayed-stream/download/delayed-stream-1.0.0.tgz#df3ae199acadfb7d440aaae0b29e2272b24ec619"
    integrity sha1-3zrhmayt+31ECqrgsp4icrJOxhk=
  
  detect-indent@^4.0.0:
    version "4.0.0"
    resolved "http://registry.npm.taobao.org/detect-indent/download/detect-indent-4.0.0.tgz#f76d064352cdf43a1cb6ce619c4ee3a9475de208"
    integrity sha1-920GQ1LN9Docts5hnE7jqUdd4gg=
    dependencies:
      repeating "^2.0.0"
  
  diff@3.5.0:
    version "3.5.0"
    resolved "http://registry.npm.taobao.org/diff/download/diff-3.5.0.tgz#800c0dd1e0a8bfbc95835c202ad220fe317e5a12"
    integrity sha1-gAwN0eCov7yVg1wgKtIg/jF+WhI=
  
  diff@^2.2.1:
    version "2.2.3"
    resolved "http://registry.npm.taobao.org/diff/download/diff-2.2.3.tgz#60eafd0d28ee906e4e8ff0a52c1229521033bf99"
    integrity sha1-YOr9DSjukG5Oj/ClLBIpUhAzv5k=
  
  dot-prop@^3.0.0:
    version "3.0.0"
    resolved "http://registry.npm.taobao.org/dot-prop/download/dot-prop-3.0.0.tgz#1b708af094a49c9a0e7dbcad790aba539dac1177"
    integrity sha1-G3CK8JSknJoOfbyteQq6U52sEXc=
    dependencies:
      is-obj "^1.0.0"
  
  duplexer2@0.0.2:
    version "0.0.2"
    resolved "http://registry.npm.taobao.org/duplexer2/download/duplexer2-0.0.2.tgz#c614dcf67e2fb14995a91711e5a617e8a60a31db"
    integrity sha1-xhTc9n4vsUmVqRcR5aYX6KYKMds=
    dependencies:
      readable-stream "~1.1.9"
  
  duplexer2@^0.1.4:
    version "0.1.4"
    resolved "http://registry.npm.taobao.org/duplexer2/download/duplexer2-0.1.4.tgz#8b12dab878c0d69e3e7891051662a32fc6bddcc1"
    integrity sha1-ixLauHjA1p4+eJEFFmKjL8a93ME=
    dependencies:
      readable-stream "^2.0.2"
  
  durations@^3.4.1:
    version "3.4.1"
    resolved "http://registry.npm.taobao.org/durations/download/durations-3.4.1.tgz#4bde42895d461ca76be255d74baac28bcb84e580"
    integrity sha1-S95CiV1GHKdr4lXXS6rCi8uE5YA=
  
  ecc-jsbn@~0.1.1:
    version "0.1.2"
    resolved "http://registry.npm.taobao.org/ecc-jsbn/download/ecc-jsbn-0.1.2.tgz#3a83a904e54353287874c564b7549386849a98c9"
    integrity sha1-OoOpBOVDUyh4dMVkt1SThoSamMk=
    dependencies:
      jsbn "~0.1.0"
      safer-buffer "^2.1.0"
  
  elegant-spinner@^1.0.1:
    version "1.0.1"
    resolved "http://registry.npm.taobao.org/elegant-spinner/download/elegant-spinner-1.0.1.tgz#db043521c95d7e303fd8f345bedc3349cfb0729e"
    integrity sha1-2wQ1IcldfjA/2PNFvtwzSc+wcp4=
  
  error-ex@^1.2.0:
    version "1.3.2"
    resolved "http://registry.npm.taobao.org/error-ex/download/error-ex-1.3.2.tgz#b4ac40648107fdcdcfae242f428bea8a14d4f1bf"
    integrity sha1-tKxAZIEH/c3PriQvQovqihTU8b8=
    dependencies:
      is-arrayish "^0.2.1"
  
  escape-string-regexp@1.0.5, escape-string-regexp@^1.0.2:
    version "1.0.5"
    resolved "http://registry.npm.taobao.org/escape-string-regexp/download/escape-string-regexp-1.0.5.tgz#1b61c0562190a8dff6ae3bb2cf0200ca130b86d4"
    integrity sha1-G2HAViGQqN/2rjuyzwIAyhMLhtQ=
  
  escodegen@1.8.x:
    version "1.8.1"
    resolved "http://registry.npm.taobao.org/escodegen/download/escodegen-1.8.1.tgz#5a5b53af4693110bebb0867aa3430dd3b70a1018"
    integrity sha1-WltTr0aTEQvrsIZ6o0MN07cKEBg=
    dependencies:
      esprima "^2.7.1"
      estraverse "^1.9.1"
      esutils "^2.0.2"
      optionator "^0.8.1"
    optionalDependencies:
      source-map "~0.2.0"
  
  esprima@2.7.x, esprima@^2.7.1:
    version "2.7.3"
    resolved "http://registry.npm.taobao.org/esprima/download/esprima-2.7.3.tgz#96e3b70d5779f6ad49cd032673d1c312767ba581"
    integrity sha1-luO3DVd59q1JzQMmc9HDEnZ7pYE=
  
  esprima@^4.0.0:
    version "4.0.1"
    resolved "http://registry.npm.taobao.org/esprima/download/esprima-4.0.1.tgz#13b04cdb3e6c5d19df91ab6987a8695619b0aa71"
    integrity sha1-E7BM2z5sXRnfkatph6hpVhmwqnE=
  
  estraverse@^1.9.1:
    version "1.9.3"
    resolved "http://registry.npm.taobao.org/estraverse/download/estraverse-1.9.3.tgz#af67f2dc922582415950926091a4005d29c9bb44"
    integrity sha1-r2fy3JIlgkFZUJJgkaQAXSnJu0Q=
  
  esutils@^2.0.2:
    version "2.0.2"
    resolved "http://registry.npm.taobao.org/esutils/download/esutils-2.0.2.tgz#0abf4f1caa5bcb1f7a9d8acc6dea4faaa04bac9b"
    integrity sha1-Cr9PHKpbyx96nYrMbepPqqBLrJs=
  
  exit-hook@^1.0.0:
    version "1.1.1"
    resolved "http://registry.npm.taobao.org/exit-hook/download/exit-hook-1.1.1.tgz#f05ca233b48c05d54fff07765df8507e95c02ff8"
    integrity sha1-8FyiM7SMBdVP/wd2XfhQfpXAL/g=
  
  extend@3, extend@~3.0.0, extend@~3.0.2:
    version "3.0.2"
    resolved "http://registry.npm.taobao.org/extend/download/extend-3.0.2.tgz#f8b1136b4071fbd8eb140aff858b1019ec2915fa"
    integrity sha1-+LETa0Bx+9jrFAr/hYsQGewpFfo=
  
  extsprintf@1.3.0:
    version "1.3.0"
    resolved "http://registry.npm.taobao.org/extsprintf/download/extsprintf-1.3.0.tgz#96918440e3041a7a414f8c52e3c574eb3c3e1e05"
    integrity sha1-lpGEQOMEGnpBT4xS48V06zw+HgU=
  
  extsprintf@^1.2.0:
    version "1.4.0"
    resolved "http://registry.npm.taobao.org/extsprintf/download/extsprintf-1.4.0.tgz#e2689f8f356fad62cca65a3a91c5df5f9551692f"
    integrity sha1-4mifjzVvrWLMplo6kcXfX5VRaS8=
  
  fancy-log@^1.1.0:
    version "1.3.3"
    resolved "http://registry.npm.taobao.org/fancy-log/download/fancy-log-1.3.3.tgz#dbc19154f558690150a23953a0adbd035be45fc7"
    integrity sha1-28GRVPVYaQFQojlToK29A1vkX8c=
    dependencies:
      ansi-gray "^0.1.1"
      color-support "^1.1.3"
      parse-node-version "^1.0.0"
      time-stamp "^1.0.0"
  
  fast-deep-equal@^2.0.1:
    version "2.0.1"
    resolved "http://registry.npm.taobao.org/fast-deep-equal/download/fast-deep-equal-2.0.1.tgz#7b05218ddf9667bf7f370bf7fdb2cb15fdd0aa49"
    integrity sha1-ewUhjd+WZ79/Nwv3/bLLFf3Qqkk=
  
  fast-json-stable-stringify@^2.0.0:
    version "2.0.0"
    resolved "http://registry.npm.taobao.org/fast-json-stable-stringify/download/fast-json-stable-stringify-2.0.0.tgz#d5142c0caee6b1189f87d3a76111064f86c8bbf2"
    integrity sha1-1RQsDK7msRifh9OnYREGT4bIu/I=
  
  fast-levenshtein@~2.0.4:
    version "2.0.6"
    resolved "http://registry.npm.taobao.org/fast-levenshtein/download/fast-levenshtein-2.0.6.tgz#3d8a5c66883a16a30ca8643e851f19baa7797917"
    integrity sha1-PYpcZog6FqMMqGQ+hR8Zuqd5eRc=
  
  fileset@0.2.x:
    version "0.2.1"
    resolved "http://registry.npm.taobao.org/fileset/download/fileset-0.2.1.tgz#588ef8973c6623b2a76df465105696b96aac8067"
    integrity sha1-WI74lzxmI7KnbfRlEFaWuWqsgGc=
    dependencies:
      glob "5.x"
      minimatch "2.x"
  
  filled-array@^1.0.0:
    version "1.1.0"
    resolved "http://registry.npm.taobao.org/filled-array/download/filled-array-1.1.0.tgz#c3c4f6c663b923459a9aa29912d2d031f1507f84"
    integrity sha1-w8T2xmO5I0WamqKZEtLQMfFQf4Q=
  
  find-up@^1.0.0:
    version "1.1.2"
    resolved "http://registry.npm.taobao.org/find-up/download/find-up-1.1.2.tgz#6b2e9822b1a2ce0a60ab64d610eccad53cb24d0f"
    integrity sha1-ay6YIrGizgpgq2TWEOzK1TyyTQ8=
    dependencies:
      path-exists "^2.0.0"
      pinkie-promise "^2.0.0"
  
  findup-sync@~0.3.0:
    version "0.3.0"
    resolved "http://registry.npm.taobao.org/findup-sync/download/findup-sync-0.3.0.tgz#37930aa5d816b777c03445e1966cc6790a4c0b16"
    integrity sha1-N5MKpdgWt3fANEXhlmzGeQpMCxY=
    dependencies:
      glob "~5.0.0"
  
  forever-agent@~0.6.1:
    version "0.6.1"
    resolved "http://registry.npm.taobao.org/forever-agent/download/forever-agent-0.6.1.tgz#fbc71f0c41adeb37f96c577ad1ed42d8fdacca91"
    integrity sha1-+8cfDEGt6zf5bFd60e1C2P2sypE=
  
  form-data@^2.0.0, form-data@~2.3.2:
    version "2.3.3"
    resolved "http://registry.npm.taobao.org/form-data/download/form-data-2.3.3.tgz#dcce52c05f644f298c6a7ab936bd724ceffbf3a6"
    integrity sha1-3M5SwF9kTymManq5Nr1yTO/786Y=
    dependencies:
      asynckit "^0.4.0"
      combined-stream "^1.0.6"
      mime-types "^2.1.12"
  
  fs.realpath@^1.0.0:
    version "1.0.0"
    resolved "http://registry.npm.taobao.org/fs.realpath/download/fs.realpath-1.0.0.tgz#1504ad2523158caa40db4a2787cb01411994ea4f"
    integrity sha1-FQStJSMVjKpA20onh8sBQRmU6k8=
  
  function-bind@^1.1.1:
    version "1.1.1"
    resolved "http://registry.npm.taobao.org/function-bind/download/function-bind-1.1.1.tgz#a56899d3ea3c9bab874bb9773b7c5ede92f4895d"
    integrity sha1-pWiZ0+o8m6uHS7l3O3xe3pL0iV0=
  
  get-stdin@^4.0.1:
    version "4.0.1"
    resolved "http://registry.npm.taobao.org/get-stdin/download/get-stdin-4.0.1.tgz#b968c6b0a04384324902e8bf1a5df32579a450fe"
    integrity sha1-uWjGsKBDhDJJAui/Gl3zJXmkUP4=
  
  getpass@^0.1.1:
    version "0.1.7"
    resolved "http://registry.npm.taobao.org/getpass/download/getpass-0.1.7.tgz#5eff8e3e684d569ae4cb2b1282604e8ba62149fa"
    integrity sha1-Xv+OPmhNVprkyysSgmBOi6YhSfo=
    dependencies:
      assert-plus "^1.0.0"
  
  glob@5.x, glob@^5.0.15, glob@~5.0.0:
    version "5.0.15"
    resolved "http://registry.npm.taobao.org/glob/download/glob-5.0.15.tgz#1bc936b9e02f4a603fcc222ecf7633d30b8b93b1"
    integrity sha1-G8k2ueAvSmA/zCIuz3Yz0wuLk7E=
    dependencies:
      inflight "^1.0.4"
      inherits "2"
      minimatch "2 || 3"
      once "^1.3.0"
      path-is-absolute "^1.0.0"
  
  glob@7.1.2:
    version "7.1.2"
    resolved "http://registry.npm.taobao.org/glob/download/glob-7.1.2.tgz#c19c9df9a028702d678612384a6552404c636d15"
    integrity sha1-wZyd+aAocC1nhhI4SmVSQExjbRU=
    dependencies:
      fs.realpath "^1.0.0"
      inflight "^1.0.4"
      inherits "2"
      minimatch "^3.0.4"
      once "^1.3.0"
      path-is-absolute "^1.0.0"
  
  glob@^7.0.3, glob@^7.1.3:
    version "7.1.3"
    resolved "http://registry.npm.taobao.org/glob/download/glob-7.1.3.tgz#3960832d3f1574108342dafd3a67b332c0969df1"
    integrity sha1-OWCDLT8VdBCDQtr9OmezMsCWnfE=
    dependencies:
      fs.realpath "^1.0.0"
      inflight "^1.0.4"
      inherits "2"
      minimatch "^3.0.4"
      once "^1.3.0"
      path-is-absolute "^1.0.0"
  
  glogg@^1.0.0:
    version "1.0.2"
    resolved "http://registry.npm.taobao.org/glogg/download/glogg-1.0.2.tgz#2d7dd702beda22eb3bffadf880696da6d846313f"
    integrity sha1-LX3XAr7aIus7/634gGltpthGMT8=
    dependencies:
      sparkles "^1.0.0"
  
  got@^5.0.0:
    version "5.7.1"
    resolved "http://registry.npm.taobao.org/got/download/got-5.7.1.tgz#5f81635a61e4a6589f180569ea4e381680a51f35"
    integrity sha1-X4FjWmHkplifGAVp6k44FoClHzU=
    dependencies:
      create-error-class "^3.0.1"
      duplexer2 "^0.1.4"
      is-redirect "^1.0.0"
      is-retry-allowed "^1.0.0"
      is-stream "^1.0.0"
      lowercase-keys "^1.0.0"
      node-status-codes "^1.0.0"
      object-assign "^4.0.1"
      parse-json "^2.1.0"
      pinkie-promise "^2.0.0"
      read-all-stream "^3.0.0"
      readable-stream "^2.0.5"
      timed-out "^3.0.0"
      unzip-response "^1.0.2"
      url-parse-lax "^1.0.0"
  
  graceful-fs@^4.1.11, graceful-fs@^4.1.2:
    version "4.1.15"
    resolved "http://registry.npm.taobao.org/graceful-fs/download/graceful-fs-4.1.15.tgz#ffb703e1066e8a0eeaa4c8b80ba9253eeefbfb00"
    integrity sha1-/7cD4QZuig7qpMi4C6klPu77+wA=
  
  growl@1.10.5, "growl@~> 1.10.0":
    version "1.10.5"
    resolved "http://registry.npm.taobao.org/growl/download/growl-1.10.5.tgz#f2735dc2283674fa67478b10181059355c369e5e"
    integrity sha1-8nNdwig2dPpnR4sQGBBZNVw2nl4=
  
  gulp-util@3.0.7:
    version "3.0.7"
    resolved "http://registry.npm.taobao.org/gulp-util/download/gulp-util-3.0.7.tgz#78925c4b8f8b49005ac01a011c557e6218941cbb"
    integrity sha1-eJJcS4+LSQBawBoBHFV+YhiUHLs=
    dependencies:
      array-differ "^1.0.0"
      array-uniq "^1.0.2"
      beeper "^1.0.0"
      chalk "^1.0.0"
      dateformat "^1.0.11"
      fancy-log "^1.1.0"
      gulplog "^1.0.0"
      has-gulplog "^0.1.0"
      lodash._reescape "^3.0.0"
      lodash._reevaluate "^3.0.0"
      lodash._reinterpolate "^3.0.0"
      lodash.template "^3.0.0"
      minimist "^1.1.0"
      multipipe "^0.1.2"
      object-assign "^3.0.0"
      replace-ext "0.0.1"
      through2 "^2.0.0"
      vinyl "^0.5.0"
  
  gulplog@^1.0.0:
    version "1.0.0"
    resolved "http://registry.npm.taobao.org/gulplog/download/gulplog-1.0.0.tgz#e28c4d45d05ecbbed818363ce8f9c5926229ffe5"
    integrity sha1-4oxNRdBey77YGDY86PnFkmIp/+U=
    dependencies:
      glogg "^1.0.0"
  
  handlebars@^4.0.1:
    version "4.0.12"
    resolved "http://registry.npm.taobao.org/handlebars/download/handlebars-4.0.12.tgz#2c15c8a96d46da5e266700518ba8cb8d919d5bc5"
    integrity sha1-LBXIqW1G2l4mZwBRi6jLjZGdW8U=
    dependencies:
      async "^2.5.0"
      optimist "^0.6.1"
      source-map "^0.6.1"
    optionalDependencies:
      uglify-js "^3.1.4"
  
  har-schema@^2.0.0:
    version "2.0.0"
    resolved "http://registry.npm.taobao.org/har-schema/download/har-schema-2.0.0.tgz#a94c2224ebcac04782a0d9035521f24735b7ec92"
    integrity sha1-qUwiJOvKwEeCoNkDVSHyRzW37JI=
  
  har-validator@~5.1.0:
    version "5.1.3"
    resolved "http://registry.npm.taobao.org/har-validator/download/har-validator-5.1.3.tgz#1ef89ebd3e4996557675eed9893110dc350fa080"
    integrity sha1-HvievT5JllV2de7ZiTEQ3DUPoIA=
    dependencies:
      ajv "^6.5.5"
      har-schema "^2.0.0"
  
  has-ansi@^2.0.0:
    version "2.0.0"
    resolved "http://registry.npm.taobao.org/has-ansi/download/has-ansi-2.0.0.tgz#34f5049ce1ecdf2b0649af3ef24e45ed35416d91"
    integrity sha1-NPUEnOHs3ysGSa8+8k5F7TVBbZE=
    dependencies:
      ansi-regex "^2.0.0"
  
  has-flag@^1.0.0:
    version "1.0.0"
    resolved "http://registry.npm.taobao.org/has-flag/download/has-flag-1.0.0.tgz#9d9e793165ce017a00f00418c43f942a7b1d11fa"
    integrity sha1-nZ55MWXOAXoA8AQYxD+UKnsdEfo=
  
  has-flag@^3.0.0:
    version "3.0.0"
    resolved "http://registry.npm.taobao.org/has-flag/download/has-flag-3.0.0.tgz#b5d454dc2199ae225699f3467e5a07f3b955bafd"
    integrity sha1-tdRU3CGZriJWmfNGfloH87lVuv0=
  
  has-gulplog@^0.1.0:
    version "0.1.0"
    resolved "http://registry.npm.taobao.org/has-gulplog/download/has-gulplog-0.1.0.tgz#6414c82913697da51590397dafb12f22967811ce"
    integrity sha1-ZBTIKRNpfaUVkDl9r7EvIpZ4Ec4=
    dependencies:
      sparkles "^1.0.0"
  
  has-unicode@^2.0.1:
    version "2.0.1"
    resolved "http://registry.npm.taobao.org/has-unicode/download/has-unicode-2.0.1.tgz#e0e6fe6a28cf51138855e086d1691e771de2a8b9"
    integrity sha1-4Ob+aijPUROIVeCG0Wkedx3iqLk=
  
  has@^1.0.1:
    version "1.0.3"
    resolved "http://registry.npm.taobao.org/has/download/has-1.0.3.tgz#722d7cbfc1f6aa8241f16dd814e011e1f41e8796"
    integrity sha1-ci18v8H2qoJB8W3YFOAR4fQeh5Y=
    dependencies:
      function-bind "^1.1.1"
  
  he@1.1.1:
    version "1.1.1"
    resolved "http://registry.npm.taobao.org/he/download/he-1.1.1.tgz#93410fd21b009735151f8868c2f271f3427e23fd"
    integrity sha1-k0EP0hsAlzUVH4howvJx80J+I/0=
  
  hosted-git-info@^2.1.4:
    version "2.7.1"
    resolved "http://registry.npm.taobao.org/hosted-git-info/download/hosted-git-info-2.7.1.tgz#97f236977bd6e125408930ff6de3eec6281ec047"
    integrity sha1-l/I2l3vW4SVAiTD/bePuxigewEc=
  
  http-proxy-agent@^1.0.0:
    version "1.0.0"
    resolved "http://registry.npm.taobao.org/http-proxy-agent/download/http-proxy-agent-1.0.0.tgz#cc1ce38e453bf984a0f7702d2dd59c73d081284a"
    integrity sha1-zBzjjkU7+YSg93AtLdWcc9CBKEo=
    dependencies:
      agent-base "2"
      debug "2"
      extend "3"
  
  http-signature@~1.2.0:
    version "1.2.0"
    resolved "http://registry.npm.taobao.org/http-signature/download/http-signature-1.2.0.tgz#9aecd925114772f3d95b65a60abb8f7c18fbace1"
    integrity sha1-muzZJRFHcvPZW2WmCruPfBj7rOE=
    dependencies:
      assert-plus "^1.0.0"
      jsprim "^1.2.2"
      sshpk "^1.7.0"
  
  https-proxy-agent@^1.0.0:
    version "1.0.0"
    resolved "http://registry.npm.taobao.org/https-proxy-agent/download/https-proxy-agent-1.0.0.tgz#35f7da6c48ce4ddbfa264891ac593ee5ff8671e6"
    integrity sha1-NffabEjOTdv6JkiRrFk+5f+GceY=
    dependencies:
      agent-base "2"
      debug "2"
      extend "3"
  
  imurmurhash@^0.1.4:
    version "0.1.4"
    resolved "http://registry.npm.taobao.org/imurmurhash/download/imurmurhash-0.1.4.tgz#9218b9b2b928a238b13dc4fb6b6d576f231453ea"
    integrity sha1-khi5srkoojixPcT7a21XbyMUU+o=
  
  indent-string@^2.1.0:
    version "2.1.0"
    resolved "http://registry.npm.taobao.org/indent-string/download/indent-string-2.1.0.tgz#8e2d48348742121b4a8218b7a137e9a52049dc80"
    integrity sha1-ji1INIdCEhtKghi3oTfppSBJ3IA=
    dependencies:
      repeating "^2.0.0"
  
  inflight@^1.0.4:
    version "1.0.6"
    resolved "http://registry.npm.taobao.org/inflight/download/inflight-1.0.6.tgz#49bd6331d7d02d0c09bc910a1075ba8165b56df9"
    integrity sha1-Sb1jMdfQLQwJvJEKEHW6gWW1bfk=
    dependencies:
      once "^1.3.0"
      wrappy "1"
  
  inherits@2, inherits@^2.0.3, inherits@~2.0.1, inherits@~2.0.3:
    version "2.0.3"
    resolved "http://registry.npm.taobao.org/inherits/download/inherits-2.0.3.tgz#633c2c83e3da42a502f52466022480f4208261de"
    integrity sha1-Yzwsg+PaQqUC9SRmAiSA9CCCYd4=
  
  ini@~1.3.0:
    version "1.3.5"
    resolved "http://registry.npm.taobao.org/ini/download/ini-1.3.5.tgz#eee25f56db1c9ec6085e0c22778083f596abf927"
    integrity sha1-7uJfVtscnsYIXgwid4CD9Zar+Sc=
  
  invariant@^2.2.0:
    version "2.2.4"
    resolved "http://registry.npm.taobao.org/invariant/download/invariant-2.2.4.tgz#610f3c92c9359ce1db616e538008d23ff35158e6"
    integrity sha1-YQ88ksk1nOHbYW5TgAjSP/NRWOY=
    dependencies:
      loose-envify "^1.0.0"
  
  is-absolute@^0.2.3:
    version "0.2.6"
    resolved "http://registry.npm.taobao.org/is-absolute/download/is-absolute-0.2.6.tgz#20de69f3db942ef2d87b9c2da36f172235b1b5eb"
    integrity sha1-IN5p89uULvLYe5wto28XIjWxtes=
    dependencies:
      is-relative "^0.2.1"
      is-windows "^0.2.0"
  
  is-arrayish@^0.2.1:
    version "0.2.1"
    resolved "http://registry.npm.taobao.org/is-arrayish/download/is-arrayish-0.2.1.tgz#77c99840527aa8ecb1a8ba697b80645a7a926a9d"
    integrity sha1-d8mYQFJ6qOyxqLppe4BkWnqSap0=
  
  is-builtin-module@^1.0.0:
    version "1.0.0"
    resolved "http://registry.npm.taobao.org/is-builtin-module/download/is-builtin-module-1.0.0.tgz#540572d34f7ac3119f8f76c30cbc1b1e037affbe"
    integrity sha1-VAVy0096wxGfj3bDDLwbHgN6/74=
    dependencies:
      builtin-modules "^1.0.0"
  
  is-finite@^1.0.0:
    version "1.0.2"
    resolved "http://registry.npm.taobao.org/is-finite/download/is-finite-1.0.2.tgz#cc6677695602be550ef11e8b4aa6305342b6d0aa"
    integrity sha1-zGZ3aVYCvlUO8R6LSqYwU0K20Ko=
    dependencies:
      number-is-nan "^1.0.0"
  
  is-fullwidth-code-point@^1.0.0:
    version "1.0.0"
    resolved "http://registry.npm.taobao.org/is-fullwidth-code-point/download/is-fullwidth-code-point-1.0.0.tgz#ef9e31386f031a7f0d643af82fde50c457ef00cb"
    integrity sha1-754xOG8DGn8NZDr4L95QxFfvAMs=
    dependencies:
      number-is-nan "^1.0.0"
  
  is-npm@^1.0.0:
    version "1.0.0"
    resolved "http://registry.npm.taobao.org/is-npm/download/is-npm-1.0.0.tgz#f2fb63a65e4905b406c86072765a1a4dc793b9f4"
    integrity sha1-8vtjpl5JBbQGyGBydloaTceTufQ=
  
  is-obj@^1.0.0:
    version "1.0.1"
    resolved "http://registry.npm.taobao.org/is-obj/download/is-obj-1.0.1.tgz#3e4729ac1f5fde025cd7d83a896dab9f4f67db0f"
    integrity sha1-PkcprB9f3gJc19g6iW2rn09n2w8=
  
  is-plain-obj@^1.0.0:
    version "1.1.0"
    resolved "http://registry.npm.taobao.org/is-plain-obj/download/is-plain-obj-1.1.0.tgz#71a50c8429dfca773c92a390a4a03b39fcd51d3e"
    integrity sha1-caUMhCnfync8kqOQpKA7OfzVHT4=
  
  is-redirect@^1.0.0:
    version "1.0.0"
    resolved "http://registry.npm.taobao.org/is-redirect/download/is-redirect-1.0.0.tgz#1d03dded53bd8db0f30c26e4f95d36fc7c87dc24"
    integrity sha1-HQPd7VO9jbDzDCbk+V02/HyH3CQ=
  
  is-relative@^0.2.1:
    version "0.2.1"
    resolved "http://registry.npm.taobao.org/is-relative/download/is-relative-0.2.1.tgz#d27f4c7d516d175fb610db84bbeef23c3bc97aa5"
    integrity sha1-0n9MfVFtF1+2ENuEu+7yPDvJeqU=
    dependencies:
      is-unc-path "^0.1.1"
  
  is-retry-allowed@^1.0.0:
    version "1.1.0"
    resolved "http://registry.npm.taobao.org/is-retry-allowed/download/is-retry-allowed-1.1.0.tgz#11a060568b67339444033d0125a61a20d564fb34"
    integrity sha1-EaBgVotnM5REAz0BJaYaINVk+zQ=
  
  is-stream@^1.0.0:
    version "1.1.0"
    resolved "http://registry.npm.taobao.org/is-stream/download/is-stream-1.1.0.tgz#12d4a3dd4e68e0b79ceb8dbc84173ae80d91ca44"
    integrity sha1-EtSj3U5o4Lec6428hBc66A2RykQ=
  
  is-typedarray@~1.0.0:
    version "1.0.0"
    resolved "http://registry.npm.taobao.org/is-typedarray/download/is-typedarray-1.0.0.tgz#e479c80858df0c1b11ddda6940f96011fcda4a9a"
    integrity sha1-5HnICFjfDBsR3dppQPlgEfzaSpo=
  
  is-unc-path@^0.1.1:
    version "0.1.2"
    resolved "http://registry.npm.taobao.org/is-unc-path/download/is-unc-path-0.1.2.tgz#6ab053a72573c10250ff416a3814c35178af39b9"
    integrity sha1-arBTpyVzwQJQ/0FqOBTDUXivObk=
    dependencies:
      unc-path-regex "^0.1.0"
  
  is-utf8@^0.2.0:
    version "0.2.1"
    resolved "http://registry.npm.taobao.org/is-utf8/download/is-utf8-0.2.1.tgz#4b0da1442104d1b336340e80797e865cf39f7d72"
    integrity sha1-Sw2hRCEE0bM2NA6AeX6GXPOffXI=
  
  is-windows@^0.2.0:
    version "0.2.0"
    resolved "http://registry.npm.taobao.org/is-windows/download/is-windows-0.2.0.tgz#de1aa6d63ea29dd248737b69f1ff8b8002d2108c"
    integrity sha1-3hqm1j6indJIc3tp8f+LgALSEIw=
  
  isarray@0.0.1:
    version "0.0.1"
    resolved "http://registry.npm.taobao.org/isarray/download/isarray-0.0.1.tgz#8a18acfca9a8f4177e09abfc6038939b05d1eedf"
    integrity sha1-ihis/Kmo9Bd+Cav8YDiTmwXR7t8=
  
  isarray@~1.0.0:
    version "1.0.0"
    resolved "http://registry.npm.taobao.org/isarray/download/isarray-1.0.0.tgz#bb935d48582cba168c06834957a54a3e07124f11"
    integrity sha1-u5NdSFgsuhaMBoNJV6VKPgcSTxE=
  
  isexe@^2.0.0:
    version "2.0.0"
    resolved "http://registry.npm.taobao.org/isexe/download/isexe-2.0.0.tgz#e8fbf374dc556ff8947a10dcb0572d633f2cfa10"
    integrity sha1-6PvzdNxVb/iUehDcsFctYz8s+hA=
  
  isobject@^3.0.1:
    version "3.0.1"
    resolved "http://registry.npm.taobao.org/isobject/download/isobject-3.0.1.tgz#4e431e92b11a9731636aa1f9c8d1ccbcfdab78df"
    integrity sha1-TkMekrEalzFjaqH5yNHMvP2reN8=
  
  isstream@~0.1.2:
    version "0.1.2"
    resolved "http://registry.npm.taobao.org/isstream/download/isstream-0.1.2.tgz#47e63f7af55afa6f92e1500e690eb8b8529c099a"
    integrity sha1-R+Y/evVa+m+S4VAOaQ64uFKcCZo=
  
  istanbul@0.4.3:
    version "0.4.3"
    resolved "http://registry.npm.taobao.org/istanbul/download/istanbul-0.4.3.tgz#5b714ee0ae493ac5ef204b99f3872bceef73d53a"
    integrity sha1-W3FO4K5JOsXvIEuZ84crzu9z1To=
    dependencies:
      abbrev "1.0.x"
      async "1.x"
      escodegen "1.8.x"
      esprima "2.7.x"
      fileset "0.2.x"
      handlebars "^4.0.1"
      js-yaml "3.x"
      mkdirp "0.5.x"
      nopt "3.x"
      once "1.x"
      resolve "1.1.x"
      supports-color "^3.1.0"
      which "^1.1.1"
      wordwrap "^1.0.0"
  
  istanbul@^0.4.4:
    version "0.4.5"
    resolved "http://registry.npm.taobao.org/istanbul/download/istanbul-0.4.5.tgz#65c7d73d4c4da84d4f3ac310b918fb0b8033733b"
    integrity sha1-ZcfXPUxNqE1POsMQuRj7C4Azczs=
    dependencies:
      abbrev "1.0.x"
      async "1.x"
      escodegen "1.8.x"
      esprima "2.7.x"
      glob "^5.0.15"
      handlebars "^4.0.1"
      js-yaml "3.x"
      mkdirp "0.5.x"
      nopt "3.x"
      once "1.x"
      resolve "1.1.x"
      supports-color "^3.1.0"
      which "^1.1.1"
      wordwrap "^1.0.0"
  
  "js-tokens@^3.0.0 || ^4.0.0":
    version "4.0.0"
    resolved "http://registry.npm.taobao.org/js-tokens/download/js-tokens-4.0.0.tgz#19203fb59991df98e3a287050d4647cdeaf32499"
    integrity sha1-GSA/tZmR35jjoocFDUZHzerzJJk=
  
  js-yaml@3.x, js-yaml@^3.11.0:
    version "3.12.1"
    resolved "http://registry.npm.taobao.org/js-yaml/download/js-yaml-3.12.1.tgz#295c8632a18a23e054cf5c9d3cecafe678167600"
    integrity sha1-KVyGMqGKI+BUz1ydPOyv5ngWdgA=
    dependencies:
      argparse "^1.0.7"
      esprima "^4.0.0"
  
  jsbn@~0.1.0:
    version "0.1.1"
    resolved "http://registry.npm.taobao.org/jsbn/download/jsbn-0.1.1.tgz#a5e654c2e5a2deb5f201d96cefbca80c0ef2f513"
    integrity sha1-peZUwuWi3rXyAdls77yoDA7y9RM=
  
  json-schema-traverse@^0.4.1:
    version "0.4.1"
    resolved "http://registry.npm.taobao.org/json-schema-traverse/download/json-schema-traverse-0.4.1.tgz#69f6a87d9513ab8bb8fe63bdb0979c448e684660"
    integrity sha1-afaofZUTq4u4/mO9sJecRI5oRmA=
  
  json-schema@0.2.3:
    version "0.2.3"
    resolved "http://registry.npm.taobao.org/json-schema/download/json-schema-0.2.3.tgz#b480c892e59a2f05954ce727bd3f2a4e882f9e13"
    integrity sha1-tIDIkuWaLwWVTOcnvT8qTogvnhM=
  
  json-stringify-safe@~5.0.1:
    version "5.0.1"
    resolved "http://registry.npm.taobao.org/json-stringify-safe/download/json-stringify-safe-5.0.1.tgz#1296a2d58fd45f19a0f6ce01d65701e2c735b6eb"
    integrity sha1-Epai1Y/UXxmg9s4B1lcB4sc1tus=
  
  jsprim@^1.2.2:
    version "1.4.1"
    resolved "http://registry.npm.taobao.org/jsprim/download/jsprim-1.4.1.tgz#313e66bc1e5cc06e438bc1b7499c2e5c56acb6a2"
    integrity sha1-MT5mvB5cwG5Di8G3SZwuXFastqI=
    dependencies:
      assert-plus "1.0.0"
      extsprintf "1.3.0"
      json-schema "0.2.3"
      verror "1.10.0"
  
  latest-version@^2.0.0:
    version "2.0.0"
    resolved "http://registry.npm.taobao.org/latest-version/download/latest-version-2.0.0.tgz#56f8d6139620847b8017f8f1f4d78e211324168b"
    integrity sha1-VvjWE5YghHuAF/jx9NeOIRMkFos=
    dependencies:
      package-json "^2.0.0"
  
  lazy-req@^1.1.0:
    version "1.1.0"
    resolved "http://registry.npm.taobao.org/lazy-req/download/lazy-req-1.1.0.tgz#bdaebead30f8d824039ce0ce149d4daa07ba1fac"
    integrity sha1-va6+rTD42CQDnODOFJ1Nqge6H6w=
  
  lcov-parse@^0.0.10:
    version "0.0.10"
    resolved "http://registry.npm.taobao.org/lcov-parse/download/lcov-parse-0.0.10.tgz#1b0b8ff9ac9c7889250582b70b71315d9da6d9a3"
    integrity sha1-GwuP+ayceIklBYK3C3ExXZ2m2aM=
  
  levn@~0.3.0:
    version "0.3.0"
    resolved "http://registry.npm.taobao.org/levn/download/levn-0.3.0.tgz#3b09924edf9f083c0490fdd4c0bc4421e04764ee"
    integrity sha1-OwmSTt+fCDwEkP3UwLxEIeBHZO4=
    dependencies:
      prelude-ls "~1.1.2"
      type-check "~0.3.2"
  
  listify@^1.0.0:
    version "1.0.0"
    resolved "http://registry.npm.taobao.org/listify/download/listify-1.0.0.tgz#03ca7ba2d150d4267773f74e57558d1053d2bee3"
    integrity sha1-A8p7otFQ1CZ3c/dOV1WNEFPSvuM=
  
  load-json-file@^1.0.0:
    version "1.1.0"
    resolved "http://registry.npm.taobao.org/load-json-file/download/load-json-file-1.1.0.tgz#956905708d58b4bab4c2261b04f59f31c99374c0"
    integrity sha1-lWkFcI1YtLq0wiYbBPWfMcmTdMA=
    dependencies:
      graceful-fs "^4.1.2"
      parse-json "^2.2.0"
      pify "^2.0.0"
      pinkie-promise "^2.0.0"
      strip-bom "^2.0.0"
  
  lockfile@^1.0.1:
    version "1.0.4"
    resolved "http://registry.npm.taobao.org/lockfile/download/lockfile-1.0.4.tgz#07f819d25ae48f87e538e6578b6964a4981a5609"
    integrity sha1-B/gZ0lrkj4flOOZXi2lkpJgaVgk=
    dependencies:
      signal-exit "^3.0.2"
  
  lodash._basecopy@^3.0.0:
    version "3.0.1"
    resolved "http://registry.npm.taobao.org/lodash._basecopy/download/lodash._basecopy-3.0.1.tgz#8da0e6a876cf344c0ad8a54882111dd3c5c7ca36"
    integrity sha1-jaDmqHbPNEwK2KVIghEd08XHyjY=
  
  lodash._basetostring@^3.0.0:
    version "3.0.1"
    resolved "http://registry.npm.taobao.org/lodash._basetostring/download/lodash._basetostring-3.0.1.tgz#d1861d877f824a52f669832dcaf3ee15566a07d5"
    integrity sha1-0YYdh3+CSlL2aYMtyvPuFVZqB9U=
  
  lodash._basevalues@^3.0.0:
    version "3.0.0"
    resolved "http://registry.npm.taobao.org/lodash._basevalues/download/lodash._basevalues-3.0.0.tgz#5b775762802bde3d3297503e26300820fdf661b7"
    integrity sha1-W3dXYoAr3j0yl1A+JjAIIP32Ybc=
  
  lodash._getnative@^3.0.0:
    version "3.9.1"
    resolved "http://registry.npm.taobao.org/lodash._getnative/download/lodash._getnative-3.9.1.tgz#570bc7dede46d61cdcde687d65d3eecbaa3aaff5"
    integrity sha1-VwvH3t5G1hzc3mh9ZdPuy6o6r/U=
  
  lodash._isiterateecall@^3.0.0:
    version "3.0.9"
    resolved "http://registry.npm.taobao.org/lodash._isiterateecall/download/lodash._isiterateecall-3.0.9.tgz#5203ad7ba425fae842460e696db9cf3e6aac057c"
    integrity sha1-UgOte6Ql+uhCRg5pbbnPPmqsBXw=
  
  lodash._reescape@^3.0.0:
    version "3.0.0"
    resolved "http://registry.npm.taobao.org/lodash._reescape/download/lodash._reescape-3.0.0.tgz#2b1d6f5dfe07c8a355753e5f27fac7f1cde1616a"
    integrity sha1-Kx1vXf4HyKNVdT5fJ/rH8c3hYWo=
  
  lodash._reevaluate@^3.0.0:
    version "3.0.0"
    resolved "http://registry.npm.taobao.org/lodash._reevaluate/download/lodash._reevaluate-3.0.0.tgz#58bc74c40664953ae0b124d806996daca431e2ed"
    integrity sha1-WLx0xAZklTrgsSTYBpltrKQx4u0=
  
  lodash._reinterpolate@^3.0.0:
    version "3.0.0"
    resolved "http://registry.npm.taobao.org/lodash._reinterpolate/download/lodash._reinterpolate-3.0.0.tgz#0ccf2d89166af03b3663c796538b75ac6e114d9d"
    integrity sha1-DM8tiRZq8Ds2Y8eWU4t1rG4RTZ0=
  
  lodash._root@^3.0.0:
    version "3.0.1"
    resolved "http://registry.npm.taobao.org/lodash._root/download/lodash._root-3.0.1.tgz#fba1c4524c19ee9a5f8136b4609f017cf4ded692"
    integrity sha1-+6HEUkwZ7ppfgTa0YJ8BfPTe1pI=
  
  lodash.escape@^3.0.0:
    version "3.2.0"
    resolved "http://registry.npm.taobao.org/lodash.escape/download/lodash.escape-3.2.0.tgz#995ee0dc18c1b48cc92effae71a10aab5b487698"
    integrity sha1-mV7g3BjBtIzJLv+ucaEKq1tIdpg=
    dependencies:
      lodash._root "^3.0.0"
  
  lodash.isarguments@^3.0.0:
    version "3.1.0"
    resolved "http://registry.npm.taobao.org/lodash.isarguments/download/lodash.isarguments-3.1.0.tgz#2f573d85c6a24289ff00663b491c1d338ff3458a"
    integrity sha1-L1c9hcaiQon/AGY7SRwdM4/zRYo=
  
  lodash.isarray@^3.0.0:
    version "3.0.4"
    resolved "http://registry.npm.taobao.org/lodash.isarray/download/lodash.isarray-3.0.4.tgz#79e4eb88c36a8122af86f844aa9bcd851b5fbb55"
    integrity sha1-eeTriMNqgSKvhvhEqpvNhRtfu1U=
  
  lodash.keys@^3.0.0:
    version "3.1.2"
    resolved "http://registry.npm.taobao.org/lodash.keys/download/lodash.keys-3.1.2.tgz#4dbc0472b156be50a0b286855d1bd0b0c656098a"
    integrity sha1-TbwEcrFWvlCgsoaFXRvQsMZWCYo=
    dependencies:
      lodash._getnative "^3.0.0"
      lodash.isarguments "^3.0.0"
      lodash.isarray "^3.0.0"
  
  lodash.restparam@^3.0.0:
    version "3.6.1"
    resolved "http://registry.npm.taobao.org/lodash.restparam/download/lodash.restparam-3.6.1.tgz#936a4e309ef330a7645ed4145986c85ae5b20805"
    integrity sha1-k2pOMJ7zMKdkXtQUWYbIWuWyCAU=
  
  lodash.template@^3.0.0:
    version "3.6.2"
    resolved "http://registry.npm.taobao.org/lodash.template/download/lodash.template-3.6.2.tgz#f8cdecc6169a255be9098ae8b0c53d378931d14f"
    integrity sha1-+M3sxhaaJVvpCYrosMU9N4kx0U8=
    dependencies:
      lodash._basecopy "^3.0.0"
      lodash._basetostring "^3.0.0"
      lodash._basevalues "^3.0.0"
      lodash._isiterateecall "^3.0.0"
      lodash._reinterpolate "^3.0.0"
      lodash.escape "^3.0.0"
      lodash.keys "^3.0.0"
      lodash.restparam "^3.0.0"
      lodash.templatesettings "^3.0.0"
  
  lodash.templatesettings@^3.0.0:
    version "3.1.1"
    resolved "http://registry.npm.taobao.org/lodash.templatesettings/download/lodash.templatesettings-3.1.1.tgz#fb307844753b66b9f1afa54e262c745307dba8e5"
    integrity sha1-+zB4RHU7Zrnxr6VOJix0UwfbqOU=
    dependencies:
      lodash._reinterpolate "^3.0.0"
      lodash.escape "^3.0.0"
  
  lodash@^4.17.10:
    version "4.17.11"
    resolved "http://registry.npm.taobao.org/lodash/download/lodash-4.17.11.tgz#b39ea6229ef607ecd89e2c8df12536891cac9b8d"
    integrity sha1-s56mIp72B+zYniyN8SU2iRysm40=
  
  log-driver@^1.2.7:
    version "1.2.7"
    resolved "http://registry.npm.taobao.org/log-driver/download/log-driver-1.2.7.tgz#63b95021f0702fedfa2c9bb0a24e7797d71871d8"
    integrity sha1-Y7lQIfBwL+36LJuwok53l9cYcdg=
  
  log-update@^1.0.2:
    version "1.0.2"
    resolved "http://registry.npm.taobao.org/log-update/download/log-update-1.0.2.tgz#19929f64c4093d2d2e7075a1dad8af59c296b8d1"
    integrity sha1-GZKfZMQJPS0ucHWh2tivWcKWuNE=
    dependencies:
      ansi-escapes "^1.0.0"
      cli-cursor "^1.0.2"
  
  loose-envify@^1.0.0:
    version "1.4.0"
    resolved "http://registry.npm.taobao.org/loose-envify/download/loose-envify-1.4.0.tgz#71ee51fa7be4caec1a63839f7e682d8132d30caf"
    integrity sha1-ce5R+nvkyuwaY4OffmgtgTLTDK8=
    dependencies:
      js-tokens "^3.0.0 || ^4.0.0"
  
  loud-rejection@^1.0.0:
    version "1.6.0"
    resolved "http://registry.npm.taobao.org/loud-rejection/download/loud-rejection-1.6.0.tgz#5b46f80147edee578870f086d04821cf998e551f"
    integrity sha1-W0b4AUft7leIcPCG0Eghz5mOVR8=
    dependencies:
      currently-unhandled "^0.4.1"
      signal-exit "^3.0.0"
  
  lowercase-keys@^1.0.0:
    version "1.0.1"
    resolved "http://registry.npm.taobao.org/lowercase-keys/download/lowercase-keys-1.0.1.tgz#6f9e30b47084d971a7c820ff15a6c5167b74c26f"
    integrity sha1-b54wtHCE2XGnyCD/FabFFnt0wm8=
  
  lru-cache@^4.1.1:
    version "4.1.5"
    resolved "http://registry.npm.taobao.org/lru-cache/download/lru-cache-4.1.5.tgz#8bbe50ea85bed59bc9e33dcab8235ee9bcf443cd"
    integrity sha1-i75Q6oW+1ZvJ4z3KuCNe6bz0Q80=
    dependencies:
      pseudomap "^1.0.2"
      yallist "^2.1.2"
  
  make-error-cause@^1.2.1:
    version "1.2.2"
    resolved "http://registry.npm.taobao.org/make-error-cause/download/make-error-cause-1.2.2.tgz#df0388fcd0b37816dff0a5fb8108939777dcbc9d"
    integrity sha1-3wOI/NCzeBbf8KX7gQiTl3fcvJ0=
    dependencies:
      make-error "^1.2.0"
  
  make-error@^1.2.0:
    version "1.3.5"
    resolved "http://registry.npm.taobao.org/make-error/download/make-error-1.3.5.tgz#efe4e81f6db28cadd605c70f29c831b58ef776c8"
    integrity sha1-7+ToH22yjK3WBccPKcgxtY73dsg=
  
  map-obj@^1.0.0, map-obj@^1.0.1:
    version "1.0.1"
    resolved "http://registry.npm.taobao.org/map-obj/download/map-obj-1.0.1.tgz#d933ceb9205d82bdcf4886f6742bdc2b4dea146d"
    integrity sha1-2TPOuSBdgr3PSIb2dCvcK03qFG0=
  
  meow@^3.3.0:
    version "3.7.0"
    resolved "http://registry.npm.taobao.org/meow/download/meow-3.7.0.tgz#72cb668b425228290abbfa856892587308a801fb"
    integrity sha1-cstmi0JSKCkKu/qFaJJYcwioAfs=
    dependencies:
      camelcase-keys "^2.0.0"
      decamelize "^1.1.2"
      loud-rejection "^1.0.0"
      map-obj "^1.0.1"
      minimist "^1.1.3"
      normalize-package-data "^2.3.4"
      object-assign "^4.0.1"
      read-pkg-up "^1.0.1"
      redent "^1.0.0"
      trim-newlines "^1.0.0"
  
  mime-db@~1.37.0:
    version "1.37.0"
    resolved "http://registry.npm.taobao.org/mime-db/download/mime-db-1.37.0.tgz#0b6a0ce6fdbe9576e25f1f2d2fde8830dc0ad0d8"
    integrity sha1-C2oM5v2+lXbiXx8tL96IMNwK0Ng=
  
  mime-types@^2.1.12, mime-types@~2.1.19:
    version "2.1.21"
    resolved "http://registry.npm.taobao.org/mime-types/download/mime-types-2.1.21.tgz#28995aa1ecb770742fe6ae7e58f9181c744b3f96"
    integrity sha1-KJlaoey3cHQv5q5+WPkYHHRLP5Y=
    dependencies:
      mime-db "~1.37.0"
  
  "minimatch@2 || 3", minimatch@3.0.4, minimatch@^3.0.4:
    version "3.0.4"
    resolved "http://registry.npm.taobao.org/minimatch/download/minimatch-3.0.4.tgz#5166e286457f03306064be5497e8dbb0c3d32083"
    integrity sha1-UWbihkV/AzBgZL5Ul+jbsMPTIIM=
    dependencies:
      brace-expansion "^1.1.7"
  
  minimatch@2.x:
    version "2.0.10"
    resolved "http://registry.npm.taobao.org/minimatch/download/minimatch-2.0.10.tgz#8d087c39c6b38c001b97fca7ce6d0e1e80afbac7"
    integrity sha1-jQh8OcazjAAbl/ynzm0OHoCvusc=
    dependencies:
      brace-expansion "^1.0.0"
  
  minimist@0.0.8:
    version "0.0.8"
    resolved "http://registry.npm.taobao.org/minimist/download/minimist-0.0.8.tgz#857fcabfc3397d2625b8228262e86aa7a011b05d"
    integrity sha1-hX/Kv8M5fSYluCKCYuhqp6ARsF0=
  
  minimist@^1.1.0, minimist@^1.1.3, minimist@^1.2.0:
    version "1.2.0"
    resolved "http://registry.npm.taobao.org/minimist/download/minimist-1.2.0.tgz#a35008b20f41383eec1fb914f4cd5df79a264284"
    integrity sha1-o1AIsg9BOD7sH7kU9M1d95omQoQ=
  
  minimist@~0.0.1:
    version "0.0.10"
    resolved "http://registry.npm.taobao.org/minimist/download/minimist-0.0.10.tgz#de3f98543dbf96082be48ad1a0c7cda836301dcf"
    integrity sha1-3j+YVD2/lggr5IrRoMfNqDYwHc8=
  
  mkdirp@0.5.1, mkdirp@0.5.x, mkdirp@^0.5.0, mkdirp@^0.5.1:
    version "0.5.1"
    resolved "http://registry.npm.taobao.org/mkdirp/download/mkdirp-0.5.1.tgz#30057438eac6cf7f8c4767f38648d6697d75c903"
    integrity sha1-MAV0OOrGz3+MR2fzhkjWaX11yQM=
    dependencies:
      minimist "0.0.8"
  
  mocha@^5.2.0:
    version "5.2.0"
    resolved "http://registry.npm.taobao.org/mocha/download/mocha-5.2.0.tgz#6d8ae508f59167f940f2b5b3c4a612ae50c90ae6"
    integrity sha1-bYrlCPWRZ/lA8rWzxKYSrlDJCuY=
    dependencies:
      browser-stdout "1.3.1"
      commander "2.15.1"
      debug "3.1.0"
      diff "3.5.0"
      escape-string-regexp "1.0.5"
      glob "7.1.2"
      growl "1.10.5"
      he "1.1.1"
      minimatch "3.0.4"
      mkdirp "0.5.1"
      supports-color "5.4.0"
  
  ms@2.0.0:
    version "2.0.0"
    resolved "http://registry.npm.taobao.org/ms/download/ms-2.0.0.tgz#5608aeadfc00be6c2901df5f9861788de0d597c8"
    integrity sha1-VgiurfwAvmwpAd9fmGF4jeDVl8g=
  
  multipipe@^0.1.2:
    version "0.1.2"
    resolved "http://registry.npm.taobao.org/multipipe/download/multipipe-0.1.2.tgz#2a8f2ddf70eed564dff2d57f1e1a137d9f05078b"
    integrity sha1-Ko8t33Du1WTf8tV/HhoTfZ8FB4s=
    dependencies:
      duplexer2 "0.0.2"
  
  nan@^2.10.0:
    version "2.12.1"
    resolved "http://registry.npm.taobao.org/nan/download/nan-2.12.1.tgz#7b1aa193e9aa86057e3c7bbd0ac448e770925552"
    integrity sha1-exqhk+mqhgV+PHu9CsRI53CSVVI=
  
  node-status-codes@^1.0.0:
    version "1.0.0"
    resolved "http://registry.npm.taobao.org/node-status-codes/download/node-status-codes-1.0.0.tgz#5ae5541d024645d32a58fcddc9ceecea7ae3ac2f"
    integrity sha1-WuVUHQJGRdMqWPzdyc7s6nrjrC8=
  
  nopt@3.x:
    version "3.0.6"
    resolved "http://registry.npm.taobao.org/nopt/download/nopt-3.0.6.tgz#c6465dbf08abcd4db359317f79ac68a646b28ff9"
    integrity sha1-xkZdvwirzU2zWTF/eaxopkayj/k=
    dependencies:
      abbrev "1"
  
  nopt@~1.0.10:
    version "1.0.10"
    resolved "http://registry.npm.taobao.org/nopt/download/nopt-1.0.10.tgz#6ddd21bd2a31417b92727dd585f8a6f37608ebee"
    integrity sha1-bd0hvSoxQXuScn3Vhfim83YI6+4=
    dependencies:
      abbrev "1"
  
  normalize-package-data@^2.3.2, normalize-package-data@^2.3.4:
    version "2.4.0"
    resolved "http://registry.npm.taobao.org/normalize-package-data/download/normalize-package-data-2.4.0.tgz#12f95a307d58352075a04907b84ac8be98ac012f"
    integrity sha1-EvlaMH1YNSB1oEkHuErIvpisAS8=
    dependencies:
      hosted-git-info "^2.1.4"
      is-builtin-module "^1.0.0"
      semver "2 || 3 || 4 || 5"
      validate-npm-package-license "^3.0.1"
  
  number-is-nan@^1.0.0:
    version "1.0.1"
    resolved "http://registry.npm.taobao.org/number-is-nan/download/number-is-nan-1.0.1.tgz#097b602b53422a522c1afb8790318336941a011d"
    integrity sha1-CXtgK1NCKlIsGvuHkDGDNpQaAR0=
  
  oauth-sign@~0.9.0:
    version "0.9.0"
    resolved "http://registry.npm.taobao.org/oauth-sign/download/oauth-sign-0.9.0.tgz#47a7b016baa68b5fa0ecf3dee08a85c679ac6455"
    integrity sha1-R6ewFrqmi1+g7PPe4IqFxnmsZFU=
  
  object-assign@^3.0.0:
    version "3.0.0"
    resolved "http://registry.npm.taobao.org/object-assign/download/object-assign-3.0.0.tgz#9bedd5ca0897949bca47e7ff408062d549f587f2"
    integrity sha1-m+3VygiXlJvKR+f/QIBi1Un1h/I=
  
  object-assign@^4.0.1:
    version "4.1.1"
    resolved "http://registry.npm.taobao.org/object-assign/download/object-assign-4.1.1.tgz#2109adc7965887cfc05cbbd442cac8bfbb360863"
    integrity sha1-IQmtx5ZYh8/AXLvUQsrIv7s2CGM=
  
  object.pick@^1.1.1:
    version "1.3.0"
    resolved "http://registry.npm.taobao.org/object.pick/download/object.pick-1.3.0.tgz#87a10ac4c1694bd2e1cbf53591a66141fb5dd747"
    integrity sha1-h6EKxMFpS9Lhy/U1kaZhQftd10c=
    dependencies:
      isobject "^3.0.1"
  
  once@1.x, once@^1.3.0:
    version "1.4.0"
    resolved "http://registry.npm.taobao.org/once/download/once-1.4.0.tgz#583b1aa775961d4b113ac17d9c50baef9dd76bd1"
    integrity sha1-WDsap3WWHUsROsF9nFC6753Xa9E=
    dependencies:
      wrappy "1"
  
  onetime@^1.0.0:
    version "1.1.0"
    resolved "http://registry.npm.taobao.org/onetime/download/onetime-1.1.0.tgz#a1f7838f8314c516f05ecefcbc4ccfe04b4ed789"
    integrity sha1-ofeDj4MUxRbwXs78vEzP4EtO14k=
  
  onigasm@^2.1.0:
    version "2.2.1"
    resolved "http://registry.npm.taobao.org/onigasm/download/onigasm-2.2.1.tgz#d56da809d63d3bb25510e8b8e447ffe98e56bebb"
    integrity sha1-1W2oCdY9O7JVEOi45Ef/6Y5Wvrs=
    dependencies:
      lru-cache "^4.1.1"
  
  oniguruma@^7.0.0:
    version "7.0.2"
    resolved "http://registry.npm.taobao.org/oniguruma/download/oniguruma-7.0.2.tgz#a5c922cf7066da1dbcc60f6385a90437a83f8d0b"
    integrity sha1-pckiz3Bm2h28xg9jhakEN6g/jQs=
    dependencies:
      nan "^2.10.0"
  
  optimist@^0.6.1, optimist@~0.6.0:
    version "0.6.1"
    resolved "http://registry.npm.taobao.org/optimist/download/optimist-0.6.1.tgz#da3ea74686fa21a19a111c326e90eb15a0196686"
    integrity sha1-2j6nRob6IaGaERwybpDrFaAZZoY=
    dependencies:
      minimist "~0.0.1"
      wordwrap "~0.0.2"
  
  optionator@^0.8.1:
    version "0.8.2"
    resolved "http://registry.npm.taobao.org/optionator/download/optionator-0.8.2.tgz#364c5e409d3f4d6301d6c0b4c05bba50180aeb64"
    integrity sha1-NkxeQJ0/TWMB1sC0wFu6UBgK62Q=
    dependencies:
      deep-is "~0.1.3"
      fast-levenshtein "~2.0.4"
      levn "~0.3.0"
      prelude-ls "~1.1.2"
      type-check "~0.3.2"
      wordwrap "~1.0.0"
  
  os-homedir@^1.0.0:
    version "1.0.2"
    resolved "http://registry.npm.taobao.org/os-homedir/download/os-homedir-1.0.2.tgz#ffbc4988336e0e833de0c168c7ef152121aa7fb3"
    integrity sha1-/7xJiDNuDoM94MFox+8VISGqf7M=
  
  os-tmpdir@^1.0.0:
    version "1.0.2"
    resolved "http://registry.npm.taobao.org/os-tmpdir/download/os-tmpdir-1.0.2.tgz#bbe67406c79aa85c5cfec766fe5734555dfa1274"
    integrity sha1-u+Z0BseaqFxc/sdm/lc0VV36EnQ=
  
  osenv@^0.1.0:
    version "0.1.5"
    resolved "http://registry.npm.taobao.org/osenv/download/osenv-0.1.5.tgz#85cdfafaeb28e8677f416e287592b5f3f49ea410"
    integrity sha1-hc36+uso6Gd/QW4odZK18/SepBA=
    dependencies:
      os-homedir "^1.0.0"
      os-tmpdir "^1.0.0"
  
  package-json@^2.0.0:
    version "2.4.0"
    resolved "http://registry.npm.taobao.org/package-json/download/package-json-2.4.0.tgz#0d15bd67d1cbbddbb2ca222ff2edb86bcb31a8bb"
    integrity sha1-DRW9Z9HLvduyyiIv8u24a8sxqLs=
    dependencies:
      got "^5.0.0"
      registry-auth-token "^3.0.1"
      registry-url "^3.0.3"
      semver "^5.1.0"
  
  parse-json@^2.1.0, parse-json@^2.2.0:
    version "2.2.0"
    resolved "http://registry.npm.taobao.org/parse-json/download/parse-json-2.2.0.tgz#f480f40434ef80741f8469099f8dea18f55a4dc9"
    integrity sha1-9ID0BDTvgHQfhGkJn43qGPVaTck=
    dependencies:
      error-ex "^1.2.0"
  
  parse-node-version@^1.0.0:
    version "1.0.0"
    resolved "http://registry.npm.taobao.org/parse-node-version/download/parse-node-version-1.0.0.tgz#33d9aa8920dcc3c0d33658ec18ce237009a56d53"
    integrity sha1-M9mqiSDcw8DTNljsGM4jcAmlbVM=
  
  path-exists@^2.0.0:
    version "2.1.0"
    resolved "http://registry.npm.taobao.org/path-exists/download/path-exists-2.1.0.tgz#0feb6c64f0fc518d9a754dd5efb62c7022761f4b"
    integrity sha1-D+tsZPD8UY2adU3V77YscCJ2H0s=
    dependencies:
      pinkie-promise "^2.0.0"
  
  path-is-absolute@^1.0.0:
    version "1.0.1"
    resolved "http://registry.npm.taobao.org/path-is-absolute/download/path-is-absolute-1.0.1.tgz#174b9268735534ffbc7ace6bf53a5a9e1b5c5f5f"
    integrity sha1-F0uSaHNVNP+8es5r9TpanhtcX18=
  
  path-parse@^1.0.6:
    version "1.0.6"
    resolved "http://registry.npm.taobao.org/path-parse/download/path-parse-1.0.6.tgz#d62dbb5679405d72c4737ec58600e9ddcf06d24c"
    integrity sha1-1i27VnlAXXLEc37FhgDp3c8G0kw=
  
  path-type@^1.0.0:
    version "1.1.0"
    resolved "http://registry.npm.taobao.org/path-type/download/path-type-1.1.0.tgz#59c44f7ee491da704da415da5a4070ba4f8fe441"
    integrity sha1-WcRPfuSR2nBNpBXaWkBwuk+P5EE=
    dependencies:
      graceful-fs "^4.1.2"
      pify "^2.0.0"
      pinkie-promise "^2.0.0"
  
  performance-now@^2.1.0:
    version "2.1.0"
    resolved "http://registry.npm.taobao.org/performance-now/download/performance-now-2.1.0.tgz#6309f4e0e5fa913ec1c69307ae364b4b377c9e7b"
    integrity sha1-Ywn04OX6kT7BxpMHrjZLSzd8nns=
  
  pify@^2.0.0:
    version "2.3.0"
    resolved "http://registry.npm.taobao.org/pify/download/pify-2.3.0.tgz#ed141a6ac043a849ea588498e7dca8b15330e90c"
    integrity sha1-7RQaasBDqEnqWISY59yosVMw6Qw=
  
  pinkie-promise@^2.0.0:
    version "2.0.1"
    resolved "http://registry.npm.taobao.org/pinkie-promise/download/pinkie-promise-2.0.1.tgz#2135d6dfa7a358c069ac9b178776288228450ffa"
    integrity sha1-ITXW36ejWMBprJsXh3YogihFD/o=
    dependencies:
      pinkie "^2.0.0"
  
  pinkie@^2.0.0:
    version "2.0.4"
    resolved "http://registry.npm.taobao.org/pinkie/download/pinkie-2.0.4.tgz#72556b80cfa0d48a974e80e77248e80ed4f7f870"
    integrity sha1-clVrgM+g1IqXToDnckjoDtT3+HA=
  
  popsicle-proxy-agent@^3.0.0:
    version "3.0.0"
    resolved "http://registry.npm.taobao.org/popsicle-proxy-agent/download/popsicle-proxy-agent-3.0.0.tgz#b9133c55d945759ab7ee61b7711364620d3aeadc"
    integrity sha1-uRM8VdlFdZq37mG3cRNkYg066tw=
    dependencies:
      http-proxy-agent "^1.0.0"
      https-proxy-agent "^1.0.0"
  
  popsicle-retry@^3.2.0:
    version "3.2.1"
    resolved "http://registry.npm.taobao.org/popsicle-retry/download/popsicle-retry-3.2.1.tgz#e06e866533b42a7a123eb330cbe63a7cebcba10c"
    integrity sha1-4G6GZTO0KnoSPrMwy+Y6fOvLoQw=
    dependencies:
      any-promise "^1.1.0"
      xtend "^4.0.1"
  
  popsicle-rewrite@^1.0.0:
    version "1.0.0"
    resolved "http://registry.npm.taobao.org/popsicle-rewrite/download/popsicle-rewrite-1.0.0.tgz#1dd4e8ea9c3182351fb820f87934d992f7fb9007"
    integrity sha1-HdTo6pwxgjUfuCD4eTTZkvf7kAc=
  
  popsicle-status@^2.0.0:
    version "2.0.1"
    resolved "http://registry.npm.taobao.org/popsicle-status/download/popsicle-status-2.0.1.tgz#8dd70c4fe7c694109add784ffe80eacac1e7b28d"
    integrity sha1-jdcMT+fGlBCa3XhP/oDqysHnso0=
  
  popsicle@^8.0.2:
    version "8.2.0"
    resolved "http://registry.npm.taobao.org/popsicle/download/popsicle-8.2.0.tgz#ff4401005cab43a9418a91410611c00197712d21"
    integrity sha1-/0QBAFyrQ6lBipFBBhHAAZdxLSE=
    dependencies:
      any-promise "^1.3.0"
      arrify "^1.0.0"
      concat-stream "^1.4.7"
      form-data "^2.0.0"
      make-error-cause "^1.2.1"
      throwback "^1.1.0"
      tough-cookie "^2.0.0"
      xtend "^4.0.0"
  
  prelude-ls@~1.1.2:
    version "1.1.2"
    resolved "http://registry.npm.taobao.org/prelude-ls/download/prelude-ls-1.1.2.tgz#21932a549f5e52ffd9a827f570e04be62a97da54"
    integrity sha1-IZMqVJ9eUv/ZqCf1cOBL5iqX2lQ=
  
  prepend-http@^1.0.1:
    version "1.0.4"
    resolved "http://registry.npm.taobao.org/prepend-http/download/prepend-http-1.0.4.tgz#d4f4562b0ce3696e41ac52d0e002e57a635dc6dc"
    integrity sha1-1PRWKwzjaW5BrFLQ4ALlemNdxtw=
  
  process-nextick-args@~1.0.6:
    version "1.0.7"
    resolved "http://registry.npm.taobao.org/process-nextick-args/download/process-nextick-args-1.0.7.tgz#150e20b756590ad3f91093f25a4f2ad8bff30ba3"
    integrity sha1-FQ4gt1ZZCtP5EJPyWk8q2L/zC6M=
  
  process-nextick-args@~2.0.0:
    version "2.0.0"
    resolved "http://registry.npm.taobao.org/process-nextick-args/download/process-nextick-args-2.0.0.tgz#a37d732f4271b4ab1ad070d35508e8290788ffaa"
    integrity sha1-o31zL0JxtKsa0HDTVQjoKQeI/6o=
  
  promise-finally@^2.0.1, promise-finally@^2.2.1:
    version "2.2.1"
    resolved "http://registry.npm.taobao.org/promise-finally/download/promise-finally-2.2.1.tgz#22616c4ba902916e988bd46c54d7caa08910cd77"
    integrity sha1-ImFsS6kCkW6Yi9RsVNfKoIkQzXc=
    dependencies:
      any-promise "^1.3.0"
  
  pseudomap@^1.0.2:
    version "1.0.2"
    resolved "http://registry.npm.taobao.org/pseudomap/download/pseudomap-1.0.2.tgz#f052a28da70e618917ef0a8ac34c1ae5a68286b3"
    integrity sha1-8FKijacOYYkX7wqKw0wa5aaChrM=
  
  psl@^1.1.24, psl@^1.1.28:
    version "1.1.31"
    resolved "http://registry.npm.taobao.org/psl/download/psl-1.1.31.tgz#e9aa86d0101b5b105cbe93ac6b784cd547276184"
    integrity sha1-6aqG0BAbWxBcvpOsa3hM1UcnYYQ=
  
  punycode@^1.4.1:
    version "1.4.1"
    resolved "http://registry.npm.taobao.org/punycode/download/punycode-1.4.1.tgz#c0d5a63b2718800ad8e1eb0fa5269c84dd41845e"
    integrity sha1-wNWmOycYgArY4esPpSachN1BhF4=
  
  punycode@^2.1.0, punycode@^2.1.1:
    version "2.1.1"
    resolved "http://registry.npm.taobao.org/punycode/download/punycode-2.1.1.tgz#b58b010ac40c22c5657616c8d2c2c02c7bf479ec"
    integrity sha1-tYsBCsQMIsVldhbI0sLALHv0eew=
  
  qs@~6.5.2:
    version "6.5.2"
    resolved "http://registry.npm.taobao.org/qs/download/qs-6.5.2.tgz#cb3ae806e8740444584ef154ce8ee98d403f3e36"
    integrity sha1-yzroBuh0BERYTvFUzo7pjUA/PjY=
  
  rc@^1.0.1, rc@^1.1.5, rc@^1.1.6:
    version "1.2.8"
    resolved "http://registry.npm.taobao.org/rc/download/rc-1.2.8.tgz#cd924bf5200a075b83c188cd6b9e211b7fc0d3ed"
    integrity sha1-zZJL9SAKB1uDwYjNa54hG3/A0+0=
    dependencies:
      deep-extend "^0.6.0"
      ini "~1.3.0"
      minimist "^1.2.0"
      strip-json-comments "~2.0.1"
  
  read-all-stream@^3.0.0:
    version "3.1.0"
    resolved "http://registry.npm.taobao.org/read-all-stream/download/read-all-stream-3.1.0.tgz#35c3e177f2078ef789ee4bfafa4373074eaef4fa"
    integrity sha1-NcPhd/IHjveJ7kv6+kNzB06u9Po=
    dependencies:
      pinkie-promise "^2.0.0"
      readable-stream "^2.0.0"
  
  read-pkg-up@^1.0.1:
    version "1.0.1"
    resolved "http://registry.npm.taobao.org/read-pkg-up/download/read-pkg-up-1.0.1.tgz#9d63c13276c065918d57f002a57f40a1b643fb02"
    integrity sha1-nWPBMnbAZZGNV/ACpX9AobZD+wI=
    dependencies:
      find-up "^1.0.0"
      read-pkg "^1.0.0"
  
  read-pkg@^1.0.0:
    version "1.1.0"
    resolved "http://registry.npm.taobao.org/read-pkg/download/read-pkg-1.1.0.tgz#f5ffaa5ecd29cb31c0474bca7d756b6bb29e3f28"
    integrity sha1-9f+qXs0pyzHAR0vKfXVra7KePyg=
    dependencies:
      load-json-file "^1.0.0"
      normalize-package-data "^2.3.2"
      path-type "^1.0.0"
  
  readable-stream@^2.0.0, readable-stream@^2.0.2, readable-stream@^2.0.5, readable-stream@^2.2.2, readable-stream@~2.3.6:
    version "2.3.6"
    resolved "http://registry.npm.taobao.org/readable-stream/download/readable-stream-2.3.6.tgz#b11c27d88b8ff1fbe070643cf94b0c79ae1b0aaf"
    integrity sha1-sRwn2IuP8fvgcGQ8+UsMea4bCq8=
    dependencies:
      core-util-is "~1.0.0"
      inherits "~2.0.3"
      isarray "~1.0.0"
      process-nextick-args "~2.0.0"
      safe-buffer "~5.1.1"
      string_decoder "~1.1.1"
      util-deprecate "~1.0.1"
  
  readable-stream@~1.1.9:
    version "1.1.14"
    resolved "http://registry.npm.taobao.org/readable-stream/download/readable-stream-1.1.14.tgz#7cf4c54ef648e3813084c636dd2079e166c081d9"
    integrity sha1-fPTFTvZI44EwhMY23SB54WbAgdk=
    dependencies:
      core-util-is "~1.0.0"
      inherits "~2.0.1"
      isarray "0.0.1"
      string_decoder "~0.10.x"
  
  readable-stream@~2.0.0:
    version "2.0.6"
    resolved "http://registry.npm.taobao.org/readable-stream/download/readable-stream-2.0.6.tgz#8f90341e68a53ccc928788dacfcd11b36eb9b78e"
    integrity sha1-j5A0HmilPMySh4jaz80Rs265t44=
    dependencies:
      core-util-is "~1.0.0"
      inherits "~2.0.1"
      isarray "~1.0.0"
      process-nextick-args "~1.0.6"
      string_decoder "~0.10.x"
      util-deprecate "~1.0.1"
  
  redent@^1.0.0:
    version "1.0.0"
    resolved "http://registry.npm.taobao.org/redent/download/redent-1.0.0.tgz#cf916ab1fd5f1f16dfb20822dd6ec7f730c2afde"
    integrity sha1-z5Fqsf1fHxbfsggi3W7H9zDCr94=
    dependencies:
      indent-string "^2.1.0"
      strip-indent "^1.0.1"
  
  registry-auth-token@^3.0.1:
    version "3.3.2"
    resolved "http://registry.npm.taobao.org/registry-auth-token/download/registry-auth-token-3.3.2.tgz#851fd49038eecb586911115af845260eec983f20"
    integrity sha1-hR/UkDjuy1hpERFa+EUmDuyYPyA=
    dependencies:
      rc "^1.1.6"
      safe-buffer "^5.0.1"
  
  registry-url@^3.0.3:
    version "3.1.0"
    resolved "http://registry.npm.taobao.org/registry-url/download/registry-url-3.1.0.tgz#3d4ef870f73dde1d77f0cf9a381432444e174942"
    integrity sha1-PU74cPc93h138M+aOBQyRE4XSUI=
    dependencies:
      rc "^1.0.1"
  
  remap-istanbul@^0.6.4:
    version "0.6.4"
    resolved "http://registry.npm.taobao.org/remap-istanbul/download/remap-istanbul-0.6.4.tgz#ac551eff1aa641504b4f318d0303dda61e3bb695"
    integrity sha1-rFUe/xqmQVBLTzGNAwPdph47tpU=
    dependencies:
      amdefine "1.0.0"
      gulp-util "3.0.7"
      istanbul "0.4.3"
      source-map ">=0.5.6"
      through2 "2.0.1"
  
  repeating@^2.0.0:
    version "2.0.1"
    resolved "http://registry.npm.taobao.org/repeating/download/repeating-2.0.1.tgz#5214c53a926d3552707527fbab415dbc08d06dda"
    integrity sha1-UhTFOpJtNVJwdSf7q0FdvAjQbdo=
    dependencies:
      is-finite "^1.0.0"
  
  replace-ext@0.0.1:
    version "0.0.1"
    resolved "http://registry.npm.taobao.org/replace-ext/download/replace-ext-0.0.1.tgz#29bbd92078a739f0bcce2b4ee41e837953522924"
    integrity sha1-KbvZIHinOfC8zitO5B6DeVNSKSQ=
  
  request@^2.85.0:
    version "2.88.0"
    resolved "http://registry.npm.taobao.org/request/download/request-2.88.0.tgz#9c2fca4f7d35b592efe57c7f0a55e81052124fef"
    integrity sha1-nC/KT301tZLv5Xx/ClXoEFIST+8=
    dependencies:
      aws-sign2 "~0.7.0"
      aws4 "^1.8.0"
      caseless "~0.12.0"
      combined-stream "~1.0.6"
      extend "~3.0.2"
      forever-agent "~0.6.1"
      form-data "~2.3.2"
      har-validator "~5.1.0"
      http-signature "~1.2.0"
      is-typedarray "~1.0.0"
      isstream "~0.1.2"
      json-stringify-safe "~5.0.1"
      mime-types "~2.1.19"
      oauth-sign "~0.9.0"
      performance-now "^2.1.0"
      qs "~6.5.2"
      safe-buffer "^5.1.2"
      tough-cookie "~2.4.3"
      tunnel-agent "^0.6.0"
      uuid "^3.3.2"
  
  resolve@1.1.x:
    version "1.1.7"
    resolved "http://registry.npm.taobao.org/resolve/download/resolve-1.1.7.tgz#203114d82ad2c5ed9e8e0411b3932875e889e97b"
    integrity sha1-IDEU2CrSxe2ejgQRs5ModeiJ6Xs=
  
  resolve@^1.1.7:
    version "1.9.0"
    resolved "http://registry.npm.taobao.org/resolve/download/resolve-1.9.0.tgz#a14c6fdfa8f92a7df1d996cb7105fa744658ea06"
    integrity sha1-oUxv36j5Kn3x2ZbLcQX6dEZY6gY=
    dependencies:
      path-parse "^1.0.6"
  
  restore-cursor@^1.0.1:
    version "1.0.1"
    resolved "http://registry.npm.taobao.org/restore-cursor/download/restore-cursor-1.0.1.tgz#34661f46886327fed2991479152252df92daa541"
    integrity sha1-NGYfRohjJ/7SmRR5FSJS35LapUE=
    dependencies:
      exit-hook "^1.0.0"
      onetime "^1.0.0"
  
  rimraf@^2.4.4:
    version "2.6.3"
    resolved "http://registry.npm.taobao.org/rimraf/download/rimraf-2.6.3.tgz#b2d104fe0d8fb27cf9e0a1cda8262dd3833c6cab"
    integrity sha1-stEE/g2Psnz54KHNqCYt04M8bKs=
    dependencies:
      glob "^7.1.3"
  
  safe-buffer@^5.0.1, safe-buffer@^5.1.2, safe-buffer@~5.1.0, safe-buffer@~5.1.1:
    version "5.1.2"
    resolved "http://registry.npm.taobao.org/safe-buffer/download/safe-buffer-5.1.2.tgz#991ec69d296e0313747d59bdfd2b745c35f8828d"
    integrity sha1-mR7GnSluAxN0fVm9/St0XDX4go0=
  
  safer-buffer@^2.0.2, safer-buffer@^2.1.0, safer-buffer@~2.1.0:
    version "2.1.2"
    resolved "http://registry.npm.taobao.org/safer-buffer/download/safer-buffer-2.1.2.tgz#44fa161b0187b9549dd84bb91802f9bd8385cd6a"
    integrity sha1-RPoWGwGHuVSd2Eu5GAL5vYOFzWo=
  
  semver-diff@^2.0.0:
    version "2.1.0"
    resolved "http://registry.npm.taobao.org/semver-diff/download/semver-diff-2.1.0.tgz#4bbb8437c8d37e4b0cf1a68fd726ec6d645d6d36"
    integrity sha1-S7uEN8jTfksM8aaP1ybsbWRdbTY=
    dependencies:
      semver "^5.0.3"
  
  "semver@2 || 3 || 4 || 5", semver@^5.0.3, semver@^5.1.0:
    version "5.6.0"
    resolved "http://registry.npm.taobao.org/semver/download/semver-5.6.0.tgz#7e74256fbaa49c75aa7c7a205cc22799cac80004"
    integrity sha1-fnQlb7qknHWqfHogXMInmcrIAAQ=
  
  semver@~5.0.1:
    version "5.0.3"
    resolved "http://registry.npm.taobao.org/semver/download/semver-5.0.3.tgz#77466de589cd5d3c95f138aa78bc569a3cb5d27a"
    integrity sha1-d0Zt5YnNXTyV8TiqeLxWmjy10no=
  
  signal-exit@^3.0.0, signal-exit@^3.0.2:
    version "3.0.2"
    resolved "http://registry.npm.taobao.org/signal-exit/download/signal-exit-3.0.2.tgz#b5fdc08f1287ea1178628e415e25132b73646c6d"
    integrity sha1-tf3AjxKH6hF4Yo5BXiUTK3NkbG0=
  
  slice-ansi@0.0.4:
    version "0.0.4"
    resolved "http://registry.npm.taobao.org/slice-ansi/download/slice-ansi-0.0.4.tgz#edbf8903f66f7ce2f8eafd6ceed65e264c831b35"
    integrity sha1-7b+JA/ZvfOL46v1s7tZeJkyDGzU=
  
  slide@^1.1.5:
    version "1.1.6"
    resolved "http://registry.npm.taobao.org/slide/download/slide-1.1.6.tgz#56eb027d65b4d2dce6cb2e2d32c4d4afc9e1d707"
    integrity sha1-VusCfWW00tzmyy4tMsTUr8nh1wc=
  
  sort-keys@^1.0.0:
    version "1.1.2"
    resolved "http://registry.npm.taobao.org/sort-keys/download/sort-keys-1.1.2.tgz#441b6d4d346798f1b4e49e8920adfba0e543f9ad"
    integrity sha1-RBttTTRnmPG05J6JIK37oOVD+a0=
    dependencies:
      is-plain-obj "^1.0.0"
  
  source-map@>=0.5.6:
    version "0.7.3"
    resolved "http://registry.npm.taobao.org/source-map/download/source-map-0.7.3.tgz#5302f8169031735226544092e64981f751750383"
    integrity sha1-UwL4FpAxc1ImVECS5kmB91F1A4M=
  
  source-map@^0.6.1, source-map@~0.6.1:
    version "0.6.1"
    resolved "http://registry.npm.taobao.org/source-map/download/source-map-0.6.1.tgz#74722af32e9614e9c287a8d0bbde48b5e2f1a263"
    integrity sha1-dHIq8y6WFOnCh6jQu95IteLxomM=
  
  source-map@~0.2.0:
    version "0.2.0"
    resolved "http://registry.npm.taobao.org/source-map/download/source-map-0.2.0.tgz#dab73fbcfc2ba819b4de03bd6f6eaa48164b3f9d"
    integrity sha1-2rc/vPwrqBm03gO9b26qSBZLP50=
    dependencies:
      amdefine ">=0.0.4"
  
  sparkles@^1.0.0:
    version "1.0.1"
    resolved "http://registry.npm.taobao.org/sparkles/download/sparkles-1.0.1.tgz#008db65edce6c50eec0c5e228e1945061dd0437c"
    integrity sha1-AI22XtzmxQ7sDF4ijhlFBh3QQ3w=
  
  spdx-correct@^3.0.0:
    version "3.1.0"
    resolved "http://registry.npm.taobao.org/spdx-correct/download/spdx-correct-3.1.0.tgz#fb83e504445268f154b074e218c87c003cd31df4"
    integrity sha1-+4PlBERSaPFUsHTiGMh8ADzTHfQ=
    dependencies:
      spdx-expression-parse "^3.0.0"
      spdx-license-ids "^3.0.0"
  
  spdx-exceptions@^2.1.0:
    version "2.2.0"
    resolved "http://registry.npm.taobao.org/spdx-exceptions/download/spdx-exceptions-2.2.0.tgz#2ea450aee74f2a89bfb94519c07fcd6f41322977"
    integrity sha1-LqRQrudPKom/uUUZwH/Nb0EyKXc=
  
  spdx-expression-parse@^3.0.0:
    version "3.0.0"
    resolved "http://registry.npm.taobao.org/spdx-expression-parse/download/spdx-expression-parse-3.0.0.tgz#99e119b7a5da00e05491c9fa338b7904823b41d0"
    integrity sha1-meEZt6XaAOBUkcn6M4t5BII7QdA=
    dependencies:
      spdx-exceptions "^2.1.0"
      spdx-license-ids "^3.0.0"
  
  spdx-license-ids@^3.0.0:
    version "3.0.3"
    resolved "http://registry.npm.taobao.org/spdx-license-ids/download/spdx-license-ids-3.0.3.tgz#81c0ce8f21474756148bbb5f3bfc0f36bf15d76e"
    integrity sha1-gcDOjyFHR1YUi7tfO/wPNr8V124=
  
  sprintf-js@^1.0.3:
    version "1.1.2"
    resolved "http://registry.npm.taobao.org/sprintf-js/download/sprintf-js-1.1.2.tgz#da1765262bf8c0f571749f2ad6c26300207ae673"
    integrity sha1-2hdlJiv4wPVxdJ8q1sJjACB65nM=
  
  sprintf-js@~1.0.2:
    version "1.0.3"
    resolved "http://registry.npm.taobao.org/sprintf-js/download/sprintf-js-1.0.3.tgz#04e6926f662895354f3dd015203633b857297e2c"
    integrity sha1-BOaSb2YolTVPPdAVIDYzuFcpfiw=
  
  sshpk@^1.7.0:
    version "1.16.0"
    resolved "http://registry.npm.taobao.org/sshpk/download/sshpk-1.16.0.tgz#1d4963a2fbffe58050aa9084ca20be81741c07de"
    integrity sha1-HUljovv/5YBQqpCEyiC+gXQcB94=
    dependencies:
      asn1 "~0.2.3"
      assert-plus "^1.0.0"
      bcrypt-pbkdf "^1.0.0"
      dashdash "^1.12.0"
      ecc-jsbn "~0.1.1"
      getpass "^0.1.1"
      jsbn "~0.1.0"
      safer-buffer "^2.0.2"
      tweetnacl "~0.14.0"
  
  string-template@^1.0.0:
    version "1.0.0"
    resolved "http://registry.npm.taobao.org/string-template/download/string-template-1.0.0.tgz#9e9f2233dc00f218718ec379a28a5673ecca8b96"
    integrity sha1-np8iM9wA8hhxjsN5oopWc+zKi5Y=
  
  string-width@^1.0.1:
    version "1.0.2"
    resolved "http://registry.npm.taobao.org/string-width/download/string-width-1.0.2.tgz#118bdf5b8cdc51a2a7e70d211e07e2b0b9b107d3"
    integrity sha1-EYvfW4zcUaKn5w0hHgfisLmxB9M=
    dependencies:
      code-point-at "^1.0.0"
      is-fullwidth-code-point "^1.0.0"
      strip-ansi "^3.0.0"
  
  string_decoder@~0.10.x:
    version "0.10.31"
    resolved "http://registry.npm.taobao.org/string_decoder/download/string_decoder-0.10.31.tgz#62e203bc41766c6c28c9fc84301dab1c5310fa94"
    integrity sha1-YuIDvEF2bGwoyfyEMB2rHFMQ+pQ=
  
  string_decoder@~1.1.1:
    version "1.1.1"
    resolved "http://registry.npm.taobao.org/string_decoder/download/string_decoder-1.1.1.tgz#9cf1611ba62685d7030ae9e4ba34149c3af03fc8"
    integrity sha1-nPFhG6YmhdcDCunkujQUnDrwP8g=
    dependencies:
      safe-buffer "~5.1.0"
  
  strip-ansi@^3.0.0:
    version "3.0.1"
    resolved "http://registry.npm.taobao.org/strip-ansi/download/strip-ansi-3.0.1.tgz#6a385fb8853d952d5ff05d0e8aaf94278dc63dcf"
    integrity sha1-ajhfuIU9lS1f8F0Oiq+UJ43GPc8=
    dependencies:
      ansi-regex "^2.0.0"
  
  strip-bom@^2.0.0:
    version "2.0.0"
    resolved "http://registry.npm.taobao.org/strip-bom/download/strip-bom-2.0.0.tgz#6219a85616520491f35788bdbf1447a99c7e6b0e"
    integrity sha1-YhmoVhZSBJHzV4i9vxRHqZx+aw4=
    dependencies:
      is-utf8 "^0.2.0"
  
  strip-indent@^1.0.1:
    version "1.0.1"
    resolved "http://registry.npm.taobao.org/strip-indent/download/strip-indent-1.0.1.tgz#0c7962a6adefa7bbd4ac366460a638552ae1a0a2"
    integrity sha1-DHlipq3vp7vUrDZkYKY4VSrhoKI=
    dependencies:
      get-stdin "^4.0.1"
  
  strip-json-comments@~2.0.1:
    version "2.0.1"
    resolved "http://registry.npm.taobao.org/strip-json-comments/download/strip-json-comments-2.0.1.tgz#3c531942e908c2697c0ec344858c286c7ca0a60a"
    integrity sha1-PFMZQukIwml8DsNEhYwobHygpgo=
  
  supports-color@5.4.0:
    version "5.4.0"
    resolved "http://registry.npm.taobao.org/supports-color/download/supports-color-5.4.0.tgz#1c6b337402c2137605efe19f10fec390f6faab54"
    integrity sha1-HGszdALCE3YF7+GfEP7DkPb6q1Q=
    dependencies:
      has-flag "^3.0.0"
  
  supports-color@^2.0.0:
    version "2.0.0"
    resolved "http://registry.npm.taobao.org/supports-color/download/supports-color-2.0.0.tgz#535d045ce6b6363fa40117084629995e9df324c7"
    integrity sha1-U10EXOa2Nj+kARcIRimZXp3zJMc=
  
  supports-color@^3.1.0:
    version "3.2.3"
    resolved "http://registry.npm.taobao.org/supports-color/download/supports-color-3.2.3.tgz#65ac0504b3954171d8a64946b2ae3cbb8a5f54f6"
    integrity sha1-ZawFBLOVQXHYpklGsq48u4pfVPY=
    dependencies:
      has-flag "^1.0.0"
  
  thenify@^3.1.0:
    version "3.3.0"
    resolved "http://registry.npm.taobao.org/thenify/download/thenify-3.3.0.tgz#e69e38a1babe969b0108207978b9f62b88604839"
    integrity sha1-5p44obq+lpsBCCB5eLn2K4hgSDk=
    dependencies:
      any-promise "^1.0.0"
  
  throat@^3.0.0:
    version "3.2.0"
    resolved "http://registry.npm.taobao.org/throat/download/throat-3.2.0.tgz#50cb0670edbc40237b9e347d7e1f88e4620af836"
    integrity sha1-UMsGcO28QCN7njR9fh+I5GIK+DY=
  
  through2@2.0.1:
    version "2.0.1"
    resolved "http://registry.npm.taobao.org/through2/download/through2-2.0.1.tgz#384e75314d49f32de12eebb8136b8eb6b5d59da9"
    integrity sha1-OE51MU1J8y3hLuu4E2uOtrXVnak=
    dependencies:
      readable-stream "~2.0.0"
      xtend "~4.0.0"
  
  through2@^2.0.0:
    version "2.0.5"
    resolved "http://registry.npm.taobao.org/through2/download/through2-2.0.5.tgz#01c1e39eb31d07cb7d03a96a70823260b23132cd"
    integrity sha1-AcHjnrMdB8t9A6lqcIIyYLIxMs0=
    dependencies:
      readable-stream "~2.3.6"
      xtend "~4.0.1"
  
  throwback@^1.1.0:
    version "1.1.1"
    resolved "http://registry.npm.taobao.org/throwback/download/throwback-1.1.1.tgz#f007e7c17604a6d16d7a07c41aa0e8fedc6184a4"
    integrity sha1-8AfnwXYEptFtegfEGqDo/txhhKQ=
    dependencies:
      any-promise "^1.3.0"
  
  time-stamp@^1.0.0:
    version "1.1.0"
    resolved "http://registry.npm.taobao.org/time-stamp/download/time-stamp-1.1.0.tgz#764a5a11af50561921b133f3b44e618687e0f5c3"
    integrity sha1-dkpaEa9QVhkhsTPztE5hhofg9cM=
  
  timed-out@^3.0.0:
    version "3.1.3"
    resolved "http://registry.npm.taobao.org/timed-out/download/timed-out-3.1.3.tgz#95860bfcc5c76c277f8f8326fd0f5b2e20eba217"
    integrity sha1-lYYL/MXHbCd/j4Mm/Q9bLiDrohc=
  
  touch@^1.0.0:
    version "1.0.0"
    resolved "http://registry.npm.taobao.org/touch/download/touch-1.0.0.tgz#449cbe2dbae5a8c8038e30d71fa0ff464947c4de"
    integrity sha1-RJy+LbrlqMgDjjDXH6D/RklHxN4=
    dependencies:
      nopt "~1.0.10"
  
  tough-cookie@^2.0.0:
    version "2.5.0"
    resolved "http://registry.npm.taobao.org/tough-cookie/download/tough-cookie-2.5.0.tgz#cd9fb2a0aa1d5a12b473bd9fb96fa3dcff65ade2"
    integrity sha1-zZ+yoKodWhK0c72fuW+j3P9lreI=
    dependencies:
      psl "^1.1.28"
      punycode "^2.1.1"
  
  tough-cookie@~2.4.3:
    version "2.4.3"
    resolved "http://registry.npm.taobao.org/tough-cookie/download/tough-cookie-2.4.3.tgz#53f36da3f47783b0925afa06ff9f3b165280f781"
    integrity sha1-U/Nto/R3g7CSWvoG/587FlKA94E=
    dependencies:
      psl "^1.1.24"
      punycode "^1.4.1"
  
  trim-newlines@^1.0.0:
    version "1.0.0"
    resolved "http://registry.npm.taobao.org/trim-newlines/download/trim-newlines-1.0.0.tgz#5887966bb582a4503a41eb524f7d35011815a613"
    integrity sha1-WIeWa7WCpFA6QetST301ARgVphM=
  
  tslint@^3.15.1:
    version "3.15.1"
    resolved "http://registry.npm.taobao.org/tslint/download/tslint-3.15.1.tgz#da165ca93d8fdc2c086b51165ee1bacb48c98ea5"
    integrity sha1-2hZcqT2P3CwIa1EWXuG6y0jJjqU=
    dependencies:
      colors "^1.1.2"
      diff "^2.2.1"
      findup-sync "~0.3.0"
      glob "^7.0.3"
      optimist "~0.6.0"
      resolve "^1.1.7"
      underscore.string "^3.3.4"
  
  tunnel-agent@^0.6.0:
    version "0.6.0"
    resolved "http://registry.npm.taobao.org/tunnel-agent/download/tunnel-agent-0.6.0.tgz#27a5dea06b36b04a0a9966774b290868f0fc40fd"
    integrity sha1-J6XeoGs2sEoKmWZ3SykIaPD8QP0=
    dependencies:
      safe-buffer "^5.0.1"
  
  tweetnacl@^0.14.3, tweetnacl@~0.14.0:
    version "0.14.5"
    resolved "http://registry.npm.taobao.org/tweetnacl/download/tweetnacl-0.14.5.tgz#5ae68177f192d4456269d108afa93ff8743f4f64"
    integrity sha1-WuaBd/GS1EViadEIr6k/+HQ/T2Q=
  
  type-check@~0.3.2:
    version "0.3.2"
    resolved "http://registry.npm.taobao.org/type-check/download/type-check-0.3.2.tgz#5884cab512cf1d355e3fb784f30804b2b520db72"
    integrity sha1-WITKtRLPHTVeP7eE8wgEsrUg23I=
    dependencies:
      prelude-ls "~1.1.2"
  
  typedarray@^0.0.6:
    version "0.0.6"
    resolved "http://registry.npm.taobao.org/typedarray/download/typedarray-0.0.6.tgz#867ac74e3864187b1d3d47d996a78ec5c8830777"
    integrity sha1-hnrHTjhkGHsdPUfZlqeOxciDB3c=
  
  typescript@^2.0.3, typescript@^2.0.8:
    version "2.9.2"
    resolved "http://registry.npm.taobao.org/typescript/download/typescript-2.9.2.tgz#1cbf61d05d6b96269244eb6a3bce4bd914e0f00c"
    integrity sha1-HL9h0F1rliaSROtqO85L2RTg8Aw=
  
  typings-core@^1.6.1:
    version "1.6.1"
    resolved "http://registry.npm.taobao.org/typings-core/download/typings-core-1.6.1.tgz#ce4b2931ea2f19bb8f3dacbec69983ac4e964a37"
    integrity sha1-zkspMeovGbuPPay+xpmDrE6WSjc=
    dependencies:
      any-promise "^1.3.0"
      array-uniq "^1.0.2"
      configstore "^2.0.0"
      debug "^2.2.0"
      detect-indent "^4.0.0"
      graceful-fs "^4.1.2"
      has "^1.0.1"
      invariant "^2.2.0"
      is-absolute "^0.2.3"
      listify "^1.0.0"
      lockfile "^1.0.1"
      make-error-cause "^1.2.1"
      mkdirp "^0.5.1"
      object.pick "^1.1.1"
      parse-json "^2.2.0"
      popsicle "^8.0.2"
      popsicle-proxy-agent "^3.0.0"
      popsicle-retry "^3.2.0"
      popsicle-rewrite "^1.0.0"
      popsicle-status "^2.0.0"
      promise-finally "^2.0.1"
      rc "^1.1.5"
      rimraf "^2.4.4"
      sort-keys "^1.0.0"
      string-template "^1.0.0"
      strip-bom "^2.0.0"
      thenify "^3.1.0"
      throat "^3.0.0"
      touch "^1.0.0"
      typescript "^2.0.3"
      xtend "^4.0.0"
      zip-object "^0.1.0"
  
  typings@^1.3.2:
    version "1.5.0"
    resolved "http://registry.npm.taobao.org/typings/download/typings-1.5.0.tgz#b9d236cf1d37460854f8c671ea495d9405b8103f"
    integrity sha1-udI2zx03RghU+MZx6kldlAW4ED8=
    dependencies:
      any-promise "^1.3.0"
      archy "^1.0.0"
      bluebird "^3.1.1"
      chalk "^1.0.0"
      cli-truncate "^0.2.1"
      columnify "^1.5.2"
      elegant-spinner "^1.0.1"
      has-unicode "^2.0.1"
      listify "^1.0.0"
      log-update "^1.0.2"
      minimist "^1.2.0"
      promise-finally "^2.2.1"
      typings-core "^1.6.1"
      update-notifier "^1.0.0"
      wordwrap "^1.0.0"
      xtend "^4.0.1"
  
  uglify-js@^3.1.4:
    version "3.4.9"
    resolved "http://registry.npm.taobao.org/uglify-js/download/uglify-js-3.4.9.tgz#af02f180c1207d76432e473ed24a28f4a782bae3"
    integrity sha1-rwLxgMEgfXZDLkc+0koo9KeCuuM=
    dependencies:
      commander "~2.17.1"
      source-map "~0.6.1"
  
  unc-path-regex@^0.1.0:
    version "0.1.2"
    resolved "http://registry.npm.taobao.org/unc-path-regex/download/unc-path-regex-0.1.2.tgz#e73dd3d7b0d7c5ed86fbac6b0ae7d8c6a69d50fa"
    integrity sha1-5z3T17DXxe2G+6xrCufYxqadUPo=
  
  underscore.string@^3.3.4:
    version "3.3.5"
    resolved "http://registry.npm.taobao.org/underscore.string/download/underscore.string-3.3.5.tgz#fc2ad255b8bd309e239cbc5816fd23a9b7ea4023"
    integrity sha1-/CrSVbi9MJ4jnLxYFv0jqbfqQCM=
    dependencies:
      sprintf-js "^1.0.3"
      util-deprecate "^1.0.2"
  
  unzip-response@^1.0.2:
    version "1.0.2"
    resolved "http://registry.npm.taobao.org/unzip-response/download/unzip-response-1.0.2.tgz#b984f0877fc0a89c2c773cc1ef7b5b232b5b06fe"
    integrity sha1-uYTwh3/AqJwsdzzB73tbIytbBv4=
  
  update-notifier@^1.0.0:
    version "1.0.3"
    resolved "http://registry.npm.taobao.org/update-notifier/download/update-notifier-1.0.3.tgz#8f92c515482bd6831b7c93013e70f87552c7cf5a"
    integrity sha1-j5LFFUgr1oMbfJMBPnD4dVLHz1o=
    dependencies:
      boxen "^0.6.0"
      chalk "^1.0.0"
      configstore "^2.0.0"
      is-npm "^1.0.0"
      latest-version "^2.0.0"
      lazy-req "^1.1.0"
      semver-diff "^2.0.0"
      xdg-basedir "^2.0.0"
  
  uri-js@^4.2.2:
    version "4.2.2"
    resolved "http://registry.npm.taobao.org/uri-js/download/uri-js-4.2.2.tgz#94c540e1ff772956e2299507c010aea6c8838eb0"
    integrity sha1-lMVA4f93KVbiKZUHwBCupsiDjrA=
    dependencies:
      punycode "^2.1.0"
  
  url-parse-lax@^1.0.0:
    version "1.0.0"
    resolved "http://registry.npm.taobao.org/url-parse-lax/download/url-parse-lax-1.0.0.tgz#7af8f303645e9bd79a272e7a14ac68bc0609da73"
    integrity sha1-evjzA2Rem9eaJy56FKxovAYJ2nM=
    dependencies:
      prepend-http "^1.0.1"
  
  util-deprecate@^1.0.2, util-deprecate@~1.0.1:
    version "1.0.2"
    resolved "http://registry.npm.taobao.org/util-deprecate/download/util-deprecate-1.0.2.tgz#450d4dc9fa70de732762fbd2d4a28981419a0ccf"
    integrity sha1-RQ1Nyfpw3nMnYvvS1KKJgUGaDM8=
  
  uuid@^2.0.1:
    version "2.0.3"
    resolved "http://registry.npm.taobao.org/uuid/download/uuid-2.0.3.tgz#67e2e863797215530dff318e5bf9dcebfd47b21a"
    integrity sha1-Z+LoY3lyFVMN/zGOW/nc6/1Hsho=
  
  uuid@^3.3.2:
    version "3.3.2"
    resolved "http://registry.npm.taobao.org/uuid/download/uuid-3.3.2.tgz#1b4af4955eb3077c501c23872fc6513811587131"
    integrity sha1-G0r0lV6zB3xQHCOHL8ZROBFYcTE=
  
  validate-npm-package-license@^3.0.1:
    version "3.0.4"
    resolved "http://registry.npm.taobao.org/validate-npm-package-license/download/validate-npm-package-license-3.0.4.tgz#fc91f6b9c7ba15c857f4cb2c5defeec39d4f410a"
    integrity sha1-/JH2uce6FchX9MssXe/uw51PQQo=
    dependencies:
      spdx-correct "^3.0.0"
      spdx-expression-parse "^3.0.0"
  
  verror@1.10.0:
    version "1.10.0"
    resolved "http://registry.npm.taobao.org/verror/download/verror-1.10.0.tgz#3a105ca17053af55d6e270c1f8288682e18da400"
    integrity sha1-OhBcoXBTr1XW4nDB+CiGguGNpAA=
    dependencies:
      assert-plus "^1.0.0"
      core-util-is "1.0.2"
      extsprintf "^1.2.0"
  
  vinyl@^0.5.0:
    version "0.5.3"
    resolved "http://registry.npm.taobao.org/vinyl/download/vinyl-0.5.3.tgz#b0455b38fc5e0cf30d4325132e461970c2091cde"
    integrity sha1-sEVbOPxeDPMNQyUTLkYZcMIJHN4=
    dependencies:
      clone "^1.0.0"
      clone-stats "^0.0.1"
      replace-ext "0.0.1"
  
  wcwidth@^1.0.0:
    version "1.0.1"
    resolved "http://registry.npm.taobao.org/wcwidth/download/wcwidth-1.0.1.tgz#f0b0dcf915bc5ff1528afadb2c0e17b532da2fe8"
    integrity sha1-8LDc+RW8X/FSivrbLA4XtTLaL+g=
    dependencies:
      defaults "^1.0.3"
  
  which@^1.1.1:
    version "1.3.1"
    resolved "http://registry.npm.taobao.org/which/download/which-1.3.1.tgz#a45043d54f5805316da8d62f9f50918d3da70b0a"
    integrity sha1-pFBD1U9YBTFtqNYvn1CRjT2nCwo=
    dependencies:
      isexe "^2.0.0"
  
  widest-line@^1.0.0:
    version "1.0.0"
    resolved "http://registry.npm.taobao.org/widest-line/download/widest-line-1.0.0.tgz#0c09c85c2a94683d0d7eaf8ee097d564bf0e105c"
    integrity sha1-DAnIXCqUaD0Nfq+O4JfVZL8OEFw=
    dependencies:
      string-width "^1.0.1"
  
  wordwrap@^1.0.0, wordwrap@~1.0.0:
    version "1.0.0"
    resolved "http://registry.npm.taobao.org/wordwrap/download/wordwrap-1.0.0.tgz#27584810891456a4171c8d0226441ade90cbcaeb"
    integrity sha1-J1hIEIkUVqQXHI0CJkQa3pDLyus=
  
  wordwrap@~0.0.2:
    version "0.0.3"
    resolved "http://registry.npm.taobao.org/wordwrap/download/wordwrap-0.0.3.tgz#a3d5da6cd5c0bc0008d37234bbaf1bed63059107"
    integrity sha1-o9XabNXAvAAI03I0u68b7WMFkQc=
  
  wrappy@1:
    version "1.0.2"
    resolved "http://registry.npm.taobao.org/wrappy/download/wrappy-1.0.2.tgz#b5243d8f3ec1aa35f1364605bc0d1036e30ab69f"
    integrity sha1-tSQ9jz7BqjXxNkYFvA0QNuMKtp8=
  
  write-file-atomic@^1.1.2:
    version "1.3.4"
    resolved "http://registry.npm.taobao.org/write-file-atomic/download/write-file-atomic-1.3.4.tgz#f807a4f0b1d9e913ae7a48112e6cc3af1991b45f"
    integrity sha1-+Aek8LHZ6ROuekgRLmzDrxmRtF8=
    dependencies:
      graceful-fs "^4.1.11"
      imurmurhash "^0.1.4"
      slide "^1.1.5"
  
  xdg-basedir@^2.0.0:
    version "2.0.0"
    resolved "http://registry.npm.taobao.org/xdg-basedir/download/xdg-basedir-2.0.0.tgz#edbc903cc385fc04523d966a335504b5504d1bd2"
    integrity sha1-7byQPMOF/ARSPZZqM1UEtVBNG9I=
    dependencies:
      os-homedir "^1.0.0"
  
  xtend@^4.0.0, xtend@^4.0.1, xtend@~4.0.0, xtend@~4.0.1:
    version "4.0.1"
    resolved "http://registry.npm.taobao.org/xtend/download/xtend-4.0.1.tgz#a5c6d532be656e23db820efb943a1f04998d63af"
    integrity sha1-pcbVMr5lbiPbgg77lDofBJmNY68=
  
  yallist@^2.1.2:
    version "2.1.2"
    resolved "http://registry.npm.taobao.org/yallist/download/yallist-2.1.2.tgz#1c11f9218f076089a47dd512f93c6699a6a81d52"
    integrity sha1-HBH5IY8HYImkfdUS+TxmmaaoHVI=
  
  zip-object@^0.1.0:
    version "0.1.0"
    resolved "http://registry.npm.taobao.org/zip-object/download/zip-object-0.1.0.tgz#c1a0da04c88c837756e248680a03ff902ec3f53a"
    integrity sha1-waDaBMiMg3dW4khoCgP/kC7D9To=
